{"/home/qxie/401/class-08/solution/lab/auth-api-server/src/middleware/basic.js": {"path":"/home/qxie/401/class-08/solution/lab/auth-api-server/src/middleware/basic.js","statementMap":{"0":{"start":{"line":3,"column":15},"end":{"line":3,"column":33}},"1":{"start":{"line":4,"column":18},"end":{"line":4,"column":38}},"2":{"start":{"line":6,"column":0},"end":{"line":24,"column":1}},"3":{"start":{"line":8,"column":2},"end":{"line":8,"column":58}},"4":{"start":{"line":8,"column":36},"end":{"line":8,"column":56}},"5":{"start":{"line":10,"column":14},"end":{"line":10,"column":56}},"6":{"start":{"line":11,"column":21},"end":{"line":11,"column":52}},"7":{"start":{"line":13,"column":2},"end":{"line":18,"column":3}},"8":{"start":{"line":14,"column":4},"end":{"line":14,"column":62}},"9":{"start":{"line":15,"column":4},"end":{"line":15,"column":11}},"10":{"start":{"line":17,"column":4},"end":{"line":17,"column":16}},"11":{"start":{"line":21,"column":4},"end":{"line":21,"column":42}}},"fnMap":{"0":{"name":"(anonymous_0)","decl":{"start":{"line":6,"column":17},"end":{"line":6,"column":18}},"loc":{"start":{"line":6,"column":43},"end":{"line":24,"column":1}},"line":6},"1":{"name":"_authError","decl":{"start":{"line":20,"column":11},"end":{"line":20,"column":21}},"loc":{"start":{"line":20,"column":24},"end":{"line":22,"column":3}},"line":20}},"branchMap":{"0":{"loc":{"start":{"line":8,"column":2},"end":{"line":8,"column":58}},"type":"if","locations":[{"start":{"line":8,"column":2},"end":{"line":8,"column":58}},{"start":{},"end":{}}],"line":8}},"s":{"0":1,"1":1,"2":1,"3":2,"4":0,"5":2,"6":2,"7":2,"8":2,"9":1,"10":1,"11":1},"f":{"0":2,"1":1},"b":{"0":[0,2]},"_coverageSchema":"1a1c01bbd47fc00a2c39e90264f33305004495a9","hash":"6f904166fdbcbc10e550ff2059351a2fcebae408"}
,"/home/qxie/401/class-08/solution/lab/auth-api-server/src/middleware/bearer.js": {"path":"/home/qxie/401/class-08/solution/lab/auth-api-server/src/middleware/bearer.js","statementMap":{"0":{"start":{"line":3,"column":18},"end":{"line":3,"column":38}},"1":{"start":{"line":5,"column":0},"end":{"line":25,"column":1}},"2":{"start":{"line":7,"column":2},"end":{"line":20,"column":3}},"3":{"start":{"line":9,"column":4},"end":{"line":9,"column":52}},"4":{"start":{"line":9,"column":38},"end":{"line":9,"column":50}},"5":{"start":{"line":11,"column":18},"end":{"line":11,"column":60}},"6":{"start":{"line":12,"column":22},"end":{"line":12,"column":64}},"7":{"start":{"line":14,"column":4},"end":{"line":14,"column":25}},"8":{"start":{"line":15,"column":4},"end":{"line":15,"column":32}},"9":{"start":{"line":16,"column":4},"end":{"line":16,"column":11}},"10":{"start":{"line":19,"column":4},"end":{"line":19,"column":17}},"11":{"start":{"line":23,"column":4},"end":{"line":23,"column":42}}},"fnMap":{"0":{"name":"(anonymous_0)","decl":{"start":{"line":5,"column":17},"end":{"line":5,"column":18}},"loc":{"start":{"line":5,"column":43},"end":{"line":25,"column":1}},"line":5},"1":{"name":"_authError","decl":{"start":{"line":22,"column":11},"end":{"line":22,"column":21}},"loc":{"start":{"line":22,"column":24},"end":{"line":24,"column":3}},"line":22}},"branchMap":{"0":{"loc":{"start":{"line":9,"column":4},"end":{"line":9,"column":52}},"type":"if","locations":[{"start":{"line":9,"column":4},"end":{"line":9,"column":52}},{"start":{},"end":{}}],"line":9}},"s":{"0":1,"1":1,"2":2,"3":2,"4":0,"5":2,"6":2,"7":0,"8":0,"9":0,"10":2,"11":2},"f":{"0":2,"1":2},"b":{"0":[0,2]},"_coverageSchema":"1a1c01bbd47fc00a2c39e90264f33305004495a9","hash":"fbf37cf379ba052c407b8c7ba24e899764a3225e"}
,"/home/qxie/401/class-08/solution/lab/auth-api-server/src/middleware/logger.js": {"path":"/home/qxie/401/class-08/solution/lab/auth-api-server/src/middleware/logger.js","statementMap":{"0":{"start":{"line":5,"column":15},"end":{"line":10,"column":1}},"1":{"start":{"line":6,"column":2},"end":{"line":6,"column":48}},"2":{"start":{"line":9,"column":2},"end":{"line":9,"column":9}},"3":{"start":{"line":12,"column":0},"end":{"line":12,"column":24}}},"fnMap":{"0":{"name":"(anonymous_0)","decl":{"start":{"line":5,"column":15},"end":{"line":5,"column":16}},"loc":{"start":{"line":5,"column":35},"end":{"line":10,"column":1}},"line":5}},"branchMap":{},"s":{"0":1,"1":2,"2":2,"3":1},"f":{"0":2},"b":{},"_coverageSchema":"1a1c01bbd47fc00a2c39e90264f33305004495a9","hash":"f7d1386054ce9da001757dd3f1bda37d4b6a2d9a"}
,"/home/qxie/401/class-08/solution/lab/auth-api-server/src/models/data-collection.js": {"path":"/home/qxie/401/class-08/solution/lab/auth-api-server/src/models/data-collection.js","statementMap":{"0":{"start":{"line":10,"column":4},"end":{"line":10,"column":23}},"1":{"start":{"line":14,"column":4},"end":{"line":19,"column":5}},"2":{"start":{"line":15,"column":6},"end":{"line":15,"column":51}},"3":{"start":{"line":18,"column":6},"end":{"line":18,"column":36}},"4":{"start":{"line":23,"column":4},"end":{"line":23,"column":37}},"5":{"start":{"line":27,"column":4},"end":{"line":28,"column":43}},"6":{"start":{"line":28,"column":22},"end":{"line":28,"column":41}},"7":{"start":{"line":32,"column":4},"end":{"line":32,"column":49}},"8":{"start":{"line":37,"column":0},"end":{"line":37,"column":32}}},"fnMap":{"0":{"name":"(anonymous_0)","decl":{"start":{"line":9,"column":2},"end":{"line":9,"column":3}},"loc":{"start":{"line":9,"column":21},"end":{"line":11,"column":3}},"line":9},"1":{"name":"(anonymous_1)","decl":{"start":{"line":13,"column":2},"end":{"line":13,"column":3}},"loc":{"start":{"line":13,"column":10},"end":{"line":20,"column":3}},"line":13},"2":{"name":"(anonymous_2)","decl":{"start":{"line":22,"column":2},"end":{"line":22,"column":3}},"loc":{"start":{"line":22,"column":17},"end":{"line":24,"column":3}},"line":22},"3":{"name":"(anonymous_3)","decl":{"start":{"line":26,"column":2},"end":{"line":26,"column":3}},"loc":{"start":{"line":26,"column":19},"end":{"line":29,"column":3}},"line":26},"4":{"name":"(anonymous_4)","decl":{"start":{"line":28,"column":12},"end":{"line":28,"column":13}},"loc":{"start":{"line":28,"column":22},"end":{"line":28,"column":41}},"line":28},"5":{"name":"(anonymous_5)","decl":{"start":{"line":31,"column":2},"end":{"line":31,"column":3}},"loc":{"start":{"line":31,"column":13},"end":{"line":33,"column":3}},"line":31}},"branchMap":{"0":{"loc":{"start":{"line":14,"column":4},"end":{"line":19,"column":5}},"type":"if","locations":[{"start":{"line":14,"column":4},"end":{"line":19,"column":5}},{"start":{"line":17,"column":9},"end":{"line":19,"column":5}}],"line":14}},"s":{"0":6,"1":0,"2":0,"3":0,"4":2,"5":0,"6":0,"7":0,"8":2},"f":{"0":6,"1":0,"2":2,"3":0,"4":0,"5":0},"b":{"0":[0,0]},"_coverageSchema":"1a1c01bbd47fc00a2c39e90264f33305004495a9","hash":"d7bde87fef1045e04fe99a871a373cc287e27785"}
,"/home/qxie/401/class-08/solution/lab/auth-api-server/src/models/index.js": {"path":"/home/qxie/401/class-08/solution/lab/auth-api-server/src/models/index.js","statementMap":{"0":{"start":{"line":3,"column":33},"end":{"line":3,"column":53}},"1":{"start":{"line":4,"column":18},"end":{"line":4,"column":45}},"2":{"start":{"line":5,"column":18},"end":{"line":5,"column":44}},"3":{"start":{"line":6,"column":21},"end":{"line":6,"column":50}},"4":{"start":{"line":7,"column":19},"end":{"line":7,"column":50}},"5":{"start":{"line":9,"column":20},"end":{"line":9,"column":40}},"6":{"start":{"line":10,"column":26},"end":{"line":10,"column":80}},"7":{"start":{"line":11,"column":21},"end":{"line":11,"column":65}},"8":{"start":{"line":13,"column":18},"end":{"line":13,"column":89}},"9":{"start":{"line":15,"column":14},"end":{"line":15,"column":45}},"10":{"start":{"line":16,"column":13},"end":{"line":16,"column":44}},"11":{"start":{"line":17,"column":16},"end":{"line":17,"column":50}},"12":{"start":{"line":19,"column":0},"end":{"line":24,"column":2}}},"fnMap":{},"branchMap":{"0":{"loc":{"start":{"line":10,"column":26},"end":{"line":10,"column":80}},"type":"binary-expr","locations":[{"start":{"line":10,"column":26},"end":{"line":10,"column":48}},{"start":{"line":10,"column":52},"end":{"line":10,"column":80}}],"line":10},"1":{"loc":{"start":{"line":11,"column":21},"end":{"line":11,"column":65}},"type":"binary-expr","locations":[{"start":{"line":11,"column":21},"end":{"line":11,"column":45}},{"start":{"line":11,"column":49},"end":{"line":11,"column":65}}],"line":11},"2":{"loc":{"start":{"line":13,"column":46},"end":{"line":13,"column":88}},"type":"cond-expr","locations":[{"start":{"line":13,"column":65},"end":{"line":13,"column":83}},{"start":{"line":13,"column":86},"end":{"line":13,"column":88}}],"line":13}},"s":{"0":2,"1":2,"2":2,"3":2,"4":2,"5":2,"6":2,"7":2,"8":2,"9":2,"10":2,"11":2,"12":2},"f":{},"b":{"0":[2,0],"1":[2,2],"2":[2,0]},"_coverageSchema":"1a1c01bbd47fc00a2c39e90264f33305004495a9","hash":"6e33b0f2f234c8f6bd299b5d1c1bd42442e19cdc"}
,"/home/qxie/401/class-08/solution/lab/auth-api-server/src/models/clothes/model.js": {"path":"/home/qxie/401/class-08/solution/lab/auth-api-server/src/models/clothes/model.js","statementMap":{"0":{"start":{"line":3,"column":21},"end":{"line":7,"column":2}},"1":{"start":{"line":3,"column":47},"end":{"line":7,"column":2}},"2":{"start":{"line":9,"column":0},"end":{"line":9,"column":30}}},"fnMap":{"0":{"name":"(anonymous_0)","decl":{"start":{"line":3,"column":21},"end":{"line":3,"column":22}},"loc":{"start":{"line":3,"column":47},"end":{"line":7,"column":2}},"line":3}},"branchMap":{},"s":{"0":2,"1":2,"2":2},"f":{"0":2},"b":{},"_coverageSchema":"1a1c01bbd47fc00a2c39e90264f33305004495a9","hash":"9072bc8b4c10eb21dc85179446dc522a54bd4e0b"}
,"/home/qxie/401/class-08/solution/lab/auth-api-server/src/models/food/model.js": {"path":"/home/qxie/401/class-08/solution/lab/auth-api-server/src/models/food/model.js","statementMap":{"0":{"start":{"line":3,"column":18},"end":{"line":7,"column":2}},"1":{"start":{"line":3,"column":44},"end":{"line":7,"column":2}},"2":{"start":{"line":9,"column":0},"end":{"line":9,"column":27}}},"fnMap":{"0":{"name":"(anonymous_0)","decl":{"start":{"line":3,"column":18},"end":{"line":3,"column":19}},"loc":{"start":{"line":3,"column":44},"end":{"line":7,"column":2}},"line":3}},"branchMap":{},"s":{"0":2,"1":2,"2":2},"f":{"0":2},"b":{},"_coverageSchema":"1a1c01bbd47fc00a2c39e90264f33305004495a9","hash":"3870a7533bf8a615718cb7e820d690ae02d2a18c"}
,"/home/qxie/401/class-08/solution/lab/auth-api-server/src/models/users/model.js": {"path":"/home/qxie/401/class-08/solution/lab/auth-api-server/src/models/users/model.js","statementMap":{"0":{"start":{"line":3,"column":15},"end":{"line":3,"column":32}},"1":{"start":{"line":4,"column":12},"end":{"line":4,"column":35}},"2":{"start":{"line":6,"column":15},"end":{"line":6,"column":51}},"3":{"start":{"line":8,"column":18},"end":{"line":61,"column":1}},"4":{"start":{"line":9,"column":16},"end":{"line":35,"column":4}},"5":{"start":{"line":16,"column":8},"end":{"line":16,"column":61}},"6":{"start":{"line":19,"column":20},"end":{"line":19,"column":46}},"7":{"start":{"line":20,"column":8},"end":{"line":20,"column":21}},"8":{"start":{"line":26,"column":20},"end":{"line":31,"column":9}},"9":{"start":{"line":32,"column":8},"end":{"line":32,"column":30}},"10":{"start":{"line":37,"column":2},"end":{"line":40,"column":5}},"11":{"start":{"line":38,"column":21},"end":{"line":38,"column":57}},"12":{"start":{"line":39,"column":4},"end":{"line":39,"column":31}},"13":{"start":{"line":42,"column":2},"end":{"line":47,"column":3}},"14":{"start":{"line":43,"column":17},"end":{"line":43,"column":60}},"15":{"start":{"line":44,"column":18},"end":{"line":44,"column":63}},"16":{"start":{"line":45,"column":4},"end":{"line":45,"column":31}},"17":{"start":{"line":45,"column":17},"end":{"line":45,"column":29}},"18":{"start":{"line":46,"column":4},"end":{"line":46,"column":36}},"19":{"start":{"line":49,"column":2},"end":{"line":58,"column":3}},"20":{"start":{"line":50,"column":4},"end":{"line":57,"column":5}},"21":{"start":{"line":51,"column":26},"end":{"line":51,"column":51}},"22":{"start":{"line":52,"column":19},"end":{"line":52,"column":83}},"23":{"start":{"line":53,"column":6},"end":{"line":53,"column":32}},"24":{"start":{"line":53,"column":18},"end":{"line":53,"column":30}},"25":{"start":{"line":54,"column":6},"end":{"line":54,"column":40}},"26":{"start":{"line":56,"column":6},"end":{"line":56,"column":32}},"27":{"start":{"line":60,"column":2},"end":{"line":60,"column":15}},"28":{"start":{"line":63,"column":0},"end":{"line":63,"column":27}}},"fnMap":{"0":{"name":"(anonymous_0)","decl":{"start":{"line":8,"column":18},"end":{"line":8,"column":19}},"loc":{"start":{"line":8,"column":44},"end":{"line":61,"column":1}},"line":8},"1":{"name":"(anonymous_1)","decl":{"start":{"line":15,"column":6},"end":{"line":15,"column":7}},"loc":{"start":{"line":15,"column":12},"end":{"line":17,"column":7}},"line":15},"2":{"name":"(anonymous_2)","decl":{"start":{"line":18,"column":6},"end":{"line":18,"column":7}},"loc":{"start":{"line":18,"column":20},"end":{"line":21,"column":7}},"line":18},"3":{"name":"(anonymous_3)","decl":{"start":{"line":25,"column":6},"end":{"line":25,"column":7}},"loc":{"start":{"line":25,"column":12},"end":{"line":33,"column":7}},"line":25},"4":{"name":"(anonymous_4)","decl":{"start":{"line":37,"column":21},"end":{"line":37,"column":22}},"loc":{"start":{"line":37,"column":37},"end":{"line":40,"column":3}},"line":37},"5":{"name":"(anonymous_5)","decl":{"start":{"line":42,"column":28},"end":{"line":42,"column":29}},"loc":{"start":{"line":42,"column":64},"end":{"line":47,"column":3}},"line":42},"6":{"name":"(anonymous_6)","decl":{"start":{"line":49,"column":28},"end":{"line":49,"column":29}},"loc":{"start":{"line":49,"column":51},"end":{"line":58,"column":3}},"line":49}},"branchMap":{"0":{"loc":{"start":{"line":6,"column":15},"end":{"line":6,"column":51}},"type":"binary-expr","locations":[{"start":{"line":6,"column":15},"end":{"line":6,"column":33}},{"start":{"line":6,"column":37},"end":{"line":6,"column":51}}],"line":6},"1":{"loc":{"start":{"line":45,"column":4},"end":{"line":45,"column":31}},"type":"if","locations":[{"start":{"line":45,"column":4},"end":{"line":45,"column":31}},{"start":{},"end":{}}],"line":45},"2":{"loc":{"start":{"line":53,"column":6},"end":{"line":53,"column":32}},"type":"if","locations":[{"start":{"line":53,"column":6},"end":{"line":53,"column":32}},{"start":{},"end":{}}],"line":53}},"s":{"0":2,"1":2,"2":2,"3":2,"4":2,"5":0,"6":0,"7":0,"8":0,"9":0,"10":2,"11":2,"12":2,"13":2,"14":2,"15":2,"16":2,"17":1,"18":1,"19":2,"20":2,"21":2,"22":1,"23":0,"24":0,"25":0,"26":2,"27":2,"28":2},"f":{"0":2,"1":0,"2":0,"3":0,"4":2,"5":2,"6":2},"b":{"0":[2,2],"1":[1,1],"2":[0,0]},"_coverageSchema":"1a1c01bbd47fc00a2c39e90264f33305004495a9","hash":"77747b55f73c0b864f8e822f28667fdbf91b6d7a"}
}
