TN:
SF:src/middleware/basic.js
FN:6,(anonymous_0)
FN:20,_authError
FNF:2
FNH:2
FNDA:2,(anonymous_0)
FNDA:1,_authError
DA:3,1
DA:4,1
DA:6,1
DA:8,2
DA:10,2
DA:11,2
DA:13,2
DA:14,2
DA:15,1
DA:17,1
DA:21,1
LF:11
LH:11
BRDA:8,0,0,0
BRDA:8,0,1,2
BRF:2
BRH:1
end_of_record
TN:
SF:src/middleware/bearer.js
FN:5,(anonymous_0)
FN:22,_authError
FNF:2
FNH:2
FNDA:2,(anonymous_0)
FNDA:2,_authError
DA:3,1
DA:5,1
DA:7,2
DA:9,2
DA:11,2
DA:12,2
DA:14,0
DA:15,0
DA:16,0
DA:19,2
DA:23,2
LF:11
LH:8
BRDA:9,0,0,0
BRDA:9,0,1,2
BRF:2
BRH:1
end_of_record
TN:
SF:src/middleware/logger.js
FN:5,(anonymous_0)
FNF:1
FNH:1
FNDA:2,(anonymous_0)
DA:5,1
DA:6,2
DA:9,2
DA:12,1
LF:4
LH:4
BRF:0
BRH:0
end_of_record
TN:
SF:src/models/data-collection.js
FN:9,(anonymous_0)
FN:13,(anonymous_1)
FN:22,(anonymous_2)
FN:26,(anonymous_3)
FN:28,(anonymous_4)
FN:31,(anonymous_5)
FNF:6
FNH:2
FNDA:6,(anonymous_0)
FNDA:0,(anonymous_1)
FNDA:2,(anonymous_2)
FNDA:0,(anonymous_3)
FNDA:0,(anonymous_4)
FNDA:0,(anonymous_5)
DA:10,6
DA:14,0
DA:15,0
DA:18,0
DA:23,2
DA:27,0
DA:28,0
DA:32,0
DA:37,2
LF:9
LH:3
BRDA:14,0,0,0
BRDA:14,0,1,0
BRF:2
BRH:0
end_of_record
TN:
SF:src/models/index.js
FNF:0
FNH:0
DA:3,2
DA:4,2
DA:5,2
DA:6,2
DA:7,2
DA:9,2
DA:10,2
DA:11,2
DA:13,2
DA:15,2
DA:16,2
DA:17,2
DA:19,2
LF:13
LH:13
BRDA:10,0,0,2
BRDA:10,0,1,0
BRDA:11,1,0,2
BRDA:11,1,1,2
BRDA:13,2,0,2
BRDA:13,2,1,0
BRF:6
BRH:4
end_of_record
TN:
SF:src/models/clothes/model.js
FN:3,(anonymous_0)
FNF:1
FNH:1
FNDA:2,(anonymous_0)
DA:3,2
DA:9,2
LF:2
LH:2
BRF:0
BRH:0
end_of_record
TN:
SF:src/models/food/model.js
FN:3,(anonymous_0)
FNF:1
FNH:1
FNDA:2,(anonymous_0)
DA:3,2
DA:9,2
LF:2
LH:2
BRF:0
BRH:0
end_of_record
TN:
SF:src/models/users/model.js
FN:8,(anonymous_0)
FN:15,(anonymous_1)
FN:18,(anonymous_2)
FN:25,(anonymous_3)
FN:37,(anonymous_4)
FN:42,(anonymous_5)
FN:49,(anonymous_6)
FNF:7
FNH:4
FNDA:2,(anonymous_0)
FNDA:0,(anonymous_1)
FNDA:0,(anonymous_2)
FNDA:0,(anonymous_3)
FNDA:2,(anonymous_4)
FNDA:2,(anonymous_5)
FNDA:2,(anonymous_6)
DA:3,2
DA:4,2
DA:6,2
DA:8,2
DA:9,2
DA:16,0
DA:19,0
DA:20,0
DA:26,0
DA:32,0
DA:37,2
DA:38,2
DA:39,2
DA:42,2
DA:43,2
DA:44,2
DA:45,2
DA:46,1
DA:49,2
DA:50,2
DA:51,2
DA:52,1
DA:53,0
DA:54,0
DA:56,2
DA:60,2
DA:63,2
LF:27
LH:20
BRDA:6,0,0,2
BRDA:6,0,1,2
BRDA:45,1,0,1
BRDA:45,1,1,1
BRDA:53,2,0,0
BRDA:53,2,1,0
BRF:6
BRH:4
end_of_record
