TN:
SF:src/server.js
FN:28,(anonymous_0)
FN:30,(anonymous_1)
FNF:2
FNH:0
FNDA:0,(anonymous_0)
FNDA:0,(anonymous_1)
DA:3,2
DA:5,2
DA:6,2
DA:7,2
DA:9,2
DA:10,2
DA:11,2
DA:13,2
DA:15,2
DA:17,2
DA:19,2
DA:20,2
DA:21,2
DA:23,2
DA:24,2
DA:26,2
DA:29,0
DA:30,0
LF:18
LH:16
BRDA:29,0,0,0
BRDA:29,0,1,0
BRF:2
BRH:0
end_of_record
TN:
SF:src/error-handlers/404.js
FN:10,handle404
FNF:1
FNH:1
FNDA:4,handle404
DA:12,4
DA:17,4
DA:20,2
LF:3
LH:3
BRF:0
BRH:0
end_of_record
TN:
SF:src/error-handlers/500.js
FN:12,(anonymous_0)
FNF:1
FNH:0
FNDA:0,(anonymous_0)
DA:12,2
DA:15,0
DA:17,0
DA:21,0
LF:4
LH:1
BRDA:15,0,0,0
BRDA:15,0,1,0
BRF:2
BRH:0
end_of_record
TN:
SF:src/middleware/acl.js
FN:3,(anonymous_0)
FN:5,(anonymous_1)
FNF:2
FNH:1
FNDA:12,(anonymous_0)
FNDA:0,(anonymous_1)
DA:3,2
DA:5,12
DA:7,0
DA:8,0
DA:9,0
DA:12,0
DA:15,0
LF:7
LH:2
BRDA:8,0,0,0
BRDA:8,0,1,0
BRF:2
BRH:0
end_of_record
TN:
SF:src/middleware/basic.js
FN:6,(anonymous_0)
FN:20,_authError
FNF:2
FNH:2
FNDA:2,(anonymous_0)
FNDA:1,_authError
DA:3,3
DA:4,3
DA:6,3
DA:8,2
DA:10,2
DA:11,2
DA:13,2
DA:14,2
DA:15,1
DA:17,1
DA:21,1
LF:11
LH:11
BRDA:8,0,0,0
BRDA:8,0,1,2
BRF:2
BRH:1
end_of_record
TN:
SF:src/middleware/bearer.js
FN:5,(anonymous_0)
FN:22,_authError
FNF:2
FNH:2
FNDA:5,(anonymous_0)
FNDA:5,_authError
DA:3,2
DA:5,2
DA:7,5
DA:9,5
DA:11,5
DA:12,5
DA:14,0
DA:15,0
DA:16,0
DA:19,5
DA:23,5
LF:11
LH:8
BRDA:9,0,0,0
BRDA:9,0,1,5
BRF:2
BRH:1
end_of_record
TN:
SF:src/middleware/logger.js
FN:5,(anonymous_0)
FNF:1
FNH:1
FNDA:16,(anonymous_0)
DA:5,3
DA:6,16
DA:9,16
DA:12,3
LF:4
LH:4
BRF:0
BRH:0
end_of_record
TN:
SF:src/middleware/model.js
FN:5,(anonymous_0)
FNF:1
FNH:1
FNDA:10,(anonymous_0)
DA:3,2
DA:5,2
DA:6,10
DA:7,10
DA:8,10
DA:9,10
DA:11,0
LF:7
LH:6
BRDA:7,0,0,10
BRDA:7,0,1,0
BRF:2
BRH:1
end_of_record
TN:
SF:src/models/data-collection.js
FN:9,(anonymous_0)
FN:13,(anonymous_1)
FN:22,(anonymous_2)
FN:26,(anonymous_3)
FN:28,(anonymous_4)
FN:31,(anonymous_5)
FNF:6
FNH:6
FNDA:9,(anonymous_0)
FNDA:2,(anonymous_1)
FNDA:3,(anonymous_2)
FNDA:1,(anonymous_3)
FNDA:1,(anonymous_4)
FNDA:1,(anonymous_5)
DA:10,9
DA:14,2
DA:15,1
DA:18,1
DA:23,3
DA:27,1
DA:28,1
DA:32,1
DA:37,3
LF:9
LH:9
BRDA:14,0,0,1
BRDA:14,0,1,1
BRF:2
BRH:2
end_of_record
TN:
SF:src/models/index.js
FNF:0
FNH:0
DA:3,3
DA:4,3
DA:5,3
DA:6,3
DA:7,3
DA:9,3
DA:10,3
DA:11,3
DA:13,3
DA:23,3
DA:24,3
DA:25,3
DA:27,3
LF:13
LH:13
BRDA:10,0,0,3
BRDA:10,0,1,0
BRDA:11,1,0,3
BRDA:11,1,1,3
BRF:4
BRH:3
end_of_record
TN:
SF:src/models/clothes/model.js
FN:3,(anonymous_0)
FNF:1
FNH:1
FNDA:3,(anonymous_0)
DA:3,3
DA:9,3
LF:2
LH:2
BRF:0
BRH:0
end_of_record
TN:
SF:src/models/food/model.js
FN:3,(anonymous_0)
FNF:1
FNH:1
FNDA:3,(anonymous_0)
DA:3,3
DA:9,3
LF:2
LH:2
BRF:0
BRH:0
end_of_record
TN:
SF:src/models/users/model.js
FN:8,(anonymous_0)
FN:15,(anonymous_1)
FN:18,(anonymous_2)
FN:25,(anonymous_3)
FN:37,(anonymous_4)
FN:42,(anonymous_5)
FN:49,(anonymous_6)
FNF:7
FNH:4
FNDA:3,(anonymous_0)
FNDA:0,(anonymous_1)
FNDA:0,(anonymous_2)
FNDA:0,(anonymous_3)
FNDA:2,(anonymous_4)
FNDA:2,(anonymous_5)
FNDA:5,(anonymous_6)
DA:3,3
DA:4,3
DA:6,3
DA:8,3
DA:9,3
DA:16,0
DA:19,0
DA:20,0
DA:26,0
DA:32,0
DA:37,3
DA:38,2
DA:39,2
DA:42,3
DA:43,2
DA:44,2
DA:45,2
DA:46,1
DA:49,3
DA:50,5
DA:51,5
DA:52,5
DA:53,0
DA:54,0
DA:56,5
DA:60,3
DA:63,3
LF:27
LH:20
BRDA:6,0,0,3
BRDA:6,0,1,3
BRDA:45,1,0,1
BRDA:45,1,1,1
BRDA:53,2,0,0
BRDA:53,2,1,0
BRF:6
BRH:4
end_of_record
TN:
SF:src/routes/auth.js
FN:11,(anonymous_0)
FN:24,(anonymous_1)
FN:32,(anonymous_2)
FN:34,(anonymous_3)
FN:38,(anonymous_4)
FNF:5
FNH:0
FNDA:0,(anonymous_0)
FNDA:0,(anonymous_1)
FNDA:0,(anonymous_2)
FNDA:0,(anonymous_3)
FNDA:0,(anonymous_4)
DA:3,2
DA:4,2
DA:6,2
DA:7,2
DA:8,2
DA:9,2
DA:11,2
DA:12,0
DA:13,0
DA:14,0
DA:18,0
DA:20,0
DA:24,2
DA:25,0
DA:29,0
DA:32,2
DA:33,0
DA:34,0
DA:35,0
DA:38,2
DA:39,0
DA:42,2
LF:22
LH:11
BRF:0
BRH:0
end_of_record
TN:
SF:src/routes/v1.js
FN:15,handleGetAll
FN:20,handleGetOne
FN:26,handleCreate
FN:32,handleUpdate
FN:39,handleDelete
FNF:5
FNH:5
FNDA:1,handleGetAll
FNDA:1,handleGetOne
FNDA:1,handleCreate
FNDA:1,handleUpdate
FNDA:1,handleDelete
DA:3,2
DA:4,2
DA:5,2
DA:7,2
DA:9,2
DA:10,2
DA:11,2
DA:12,2
DA:13,2
DA:16,1
DA:17,1
DA:21,1
DA:22,1
DA:23,1
DA:27,1
DA:28,1
DA:29,1
DA:33,1
DA:34,1
DA:35,1
DA:36,1
DA:40,1
DA:41,1
DA:42,0
DA:46,2
LF:25
LH:24
BRF:0
BRH:0
end_of_record
TN:
SF:src/routes/v2.js
FN:18,handleGetAll
FN:23,handleGetOne
FN:29,handleCreate
FN:35,handleUpdate
FN:42,handleDelete
FNF:5
FNH:0
FNDA:0,handleGetAll
FNDA:0,handleGetOne
FNDA:0,handleCreate
FNDA:0,handleUpdate
FNDA:0,handleDelete
DA:3,2
DA:5,2
DA:6,2
DA:7,2
DA:9,2
DA:10,2
DA:12,2
DA:13,2
DA:14,2
DA:15,2
DA:16,2
DA:19,0
DA:20,0
DA:24,0
DA:25,0
DA:26,0
DA:30,0
DA:31,0
DA:32,0
DA:36,0
DA:37,0
DA:38,0
DA:39,0
DA:43,0
DA:44,0
DA:45,0
DA:49,2
LF:27
LH:12
BRF:0
BRH:0
end_of_record
