{"/home/qxie/401/class-04/demo/data-models/models/index.js": {"path":"/home/qxie/401/class-04/demo/data-models/models/index.js","statementMap":{"0":{"start":{"line":3,"column":0},"end":{"line":3,"column":27}},"1":{"start":{"line":4,"column":33},"end":{"line":4,"column":53}},"2":{"start":{"line":5,"column":19},"end":{"line":5,"column":49}},"3":{"start":{"line":6,"column":23},"end":{"line":6,"column":44}},"4":{"start":{"line":7,"column":20},"end":{"line":7,"column":38}},"5":{"start":{"line":9,"column":21},"end":{"line":9,"column":45}},"6":{"start":{"line":13,"column":0},"end":{"line":26,"column":1}},"7":{"start":{"line":14,"column":2},"end":{"line":14,"column":67}},"8":{"start":{"line":16,"column":2},"end":{"line":25,"column":5}},"9":{"start":{"line":28,"column":22},"end":{"line":28,"column":58}},"10":{"start":{"line":29,"column":19},"end":{"line":29,"column":52}},"11":{"start":{"line":31,"column":0},"end":{"line":35,"column":3}},"12":{"start":{"line":36,"column":0},"end":{"line":40,"column":3}},"13":{"start":{"line":43,"column":27},"end":{"line":43,"column":56}},"14":{"start":{"line":44,"column":24},"end":{"line":44,"column":50}},"15":{"start":{"line":46,"column":0},"end":{"line":52,"column":2}}},"fnMap":{},"branchMap":{"0":{"loc":{"start":{"line":13,"column":0},"end":{"line":26,"column":1}},"type":"if","locations":[{"start":{"line":13,"column":0},"end":{"line":26,"column":1}},{"start":{"line":15,"column":7},"end":{"line":26,"column":1}}],"line":13}},"s":{"0":1,"1":1,"2":1,"3":1,"4":1,"5":1,"6":1,"7":1,"8":0,"9":1,"10":1,"11":1,"12":1,"13":1,"14":1,"15":1},"f":{},"b":{"0":[1,0]},"_coverageSchema":"1a1c01bbd47fc00a2c39e90264f33305004495a9","hash":"0a0221cb159c64cc813675f222e66d23e3e55443"}
,"/home/qxie/401/class-04/demo/data-models/models/customer/index.js": {"path":"/home/qxie/401/class-04/demo/data-models/models/customer/index.js","statementMap":{"0":{"start":{"line":3,"column":0},"end":{"line":10,"column":2}},"1":{"start":{"line":4,"column":2},"end":{"line":9,"column":5}}},"fnMap":{"0":{"name":"(anonymous_0)","decl":{"start":{"line":3,"column":17},"end":{"line":3,"column":18}},"loc":{"start":{"line":3,"column":43},"end":{"line":10,"column":1}},"line":3}},"branchMap":{},"s":{"0":1,"1":1},"f":{"0":1},"b":{},"_coverageSchema":"1a1c01bbd47fc00a2c39e90264f33305004495a9","hash":"5931baa4d67781ad5f3b14799ab6d6e40d2d0174"}
,"/home/qxie/401/class-04/demo/data-models/models/lib/collection.js": {"path":"/home/qxie/401/class-04/demo/data-models/models/lib/collection.js","statementMap":{"0":{"start":{"line":9,"column":4},"end":{"line":9,"column":23}},"1":{"start":{"line":13,"column":4},"end":{"line":20,"column":5}},"2":{"start":{"line":14,"column":19},"end":{"line":14,"column":48}},"3":{"start":{"line":16,"column":6},"end":{"line":16,"column":20}},"4":{"start":{"line":18,"column":6},"end":{"line":18,"column":74}},"5":{"start":{"line":19,"column":6},"end":{"line":19,"column":15}},"6":{"start":{"line":24,"column":18},"end":{"line":24,"column":22}},"7":{"start":{"line":26,"column":4},"end":{"line":38,"column":5}},"8":{"start":{"line":27,"column":6},"end":{"line":32,"column":7}},"9":{"start":{"line":28,"column":8},"end":{"line":28,"column":34}},"10":{"start":{"line":29,"column":8},"end":{"line":29,"column":52}},"11":{"start":{"line":31,"column":8},"end":{"line":31,"column":52}},"12":{"start":{"line":34,"column":6},"end":{"line":34,"column":21}},"13":{"start":{"line":36,"column":6},"end":{"line":36,"column":73}},"14":{"start":{"line":37,"column":6},"end":{"line":37,"column":14}},"15":{"start":{"line":42,"column":4},"end":{"line":51,"column":5}},"16":{"start":{"line":43,"column":6},"end":{"line":43,"column":87}},"17":{"start":{"line":43,"column":15},"end":{"line":43,"column":87}},"18":{"start":{"line":45,"column":19},"end":{"line":45,"column":60}},"19":{"start":{"line":46,"column":26},"end":{"line":46,"column":51}},"20":{"start":{"line":47,"column":6},"end":{"line":47,"column":27}},"21":{"start":{"line":49,"column":6},"end":{"line":49,"column":65}},"22":{"start":{"line":50,"column":6},"end":{"line":50,"column":15}},"23":{"start":{"line":55,"column":4},"end":{"line":65,"column":5}},"24":{"start":{"line":57,"column":6},"end":{"line":57,"column":87}},"25":{"start":{"line":57,"column":15},"end":{"line":57,"column":87}},"26":{"start":{"line":59,"column":26},"end":{"line":59,"column":69}},"27":{"start":{"line":60,"column":6},"end":{"line":60,"column":27}},"28":{"start":{"line":63,"column":6},"end":{"line":63,"column":74}},"29":{"start":{"line":64,"column":6},"end":{"line":64,"column":15}},"30":{"start":{"line":69,"column":0},"end":{"line":69,"column":28}}},"fnMap":{"0":{"name":"(anonymous_0)","decl":{"start":{"line":8,"column":2},"end":{"line":8,"column":3}},"loc":{"start":{"line":8,"column":21},"end":{"line":10,"column":3}},"line":8},"1":{"name":"(anonymous_1)","decl":{"start":{"line":12,"column":2},"end":{"line":12,"column":3}},"loc":{"start":{"line":12,"column":21},"end":{"line":21,"column":3}},"line":12},"2":{"name":"(anonymous_2)","decl":{"start":{"line":23,"column":2},"end":{"line":23,"column":3}},"loc":{"start":{"line":23,"column":31},"end":{"line":39,"column":3}},"line":23},"3":{"name":"(anonymous_3)","decl":{"start":{"line":41,"column":2},"end":{"line":41,"column":3}},"loc":{"start":{"line":41,"column":25},"end":{"line":52,"column":3}},"line":41},"4":{"name":"(anonymous_4)","decl":{"start":{"line":54,"column":2},"end":{"line":54,"column":3}},"loc":{"start":{"line":54,"column":19},"end":{"line":66,"column":3}},"line":54}},"branchMap":{"0":{"loc":{"start":{"line":23,"column":17},"end":{"line":23,"column":29}},"type":"default-arg","locations":[{"start":{"line":23,"column":27},"end":{"line":23,"column":29}}],"line":23},"1":{"loc":{"start":{"line":27,"column":6},"end":{"line":32,"column":7}},"type":"if","locations":[{"start":{"line":27,"column":6},"end":{"line":32,"column":7}},{"start":{"line":30,"column":13},"end":{"line":32,"column":7}}],"line":27},"2":{"loc":{"start":{"line":43,"column":6},"end":{"line":43,"column":87}},"type":"if","locations":[{"start":{"line":43,"column":6},"end":{"line":43,"column":87}},{"start":{},"end":{}}],"line":43},"3":{"loc":{"start":{"line":57,"column":6},"end":{"line":57,"column":87}},"type":"if","locations":[{"start":{"line":57,"column":6},"end":{"line":57,"column":87}},{"start":{},"end":{}}],"line":57}},"s":{"0":2,"1":2,"2":2,"3":2,"4":0,"5":0,"6":3,"7":3,"8":3,"9":0,"10":0,"11":3,"12":3,"13":0,"14":0,"15":2,"16":2,"17":0,"18":2,"19":2,"20":2,"21":0,"22":0,"23":2,"24":2,"25":0,"26":2,"27":2,"28":0,"29":0,"30":1},"f":{"0":2,"1":2,"2":3,"3":2,"4":2},"b":{"0":[2],"1":[0,3],"2":[0,2],"3":[0,2]},"_coverageSchema":"1a1c01bbd47fc00a2c39e90264f33305004495a9","hash":"b84e07d9b7c30a26544774b278c43302d14dd1fd"}
,"/home/qxie/401/class-04/demo/data-models/models/order/index.js": {"path":"/home/qxie/401/class-04/demo/data-models/models/order/index.js","statementMap":{"0":{"start":{"line":3,"column":14},"end":{"line":12,"column":2}},"1":{"start":{"line":3,"column":40},"end":{"line":12,"column":2}},"2":{"start":{"line":14,"column":0},"end":{"line":14,"column":23}}},"fnMap":{"0":{"name":"(anonymous_0)","decl":{"start":{"line":3,"column":14},"end":{"line":3,"column":15}},"loc":{"start":{"line":3,"column":40},"end":{"line":12,"column":2}},"line":3}},"branchMap":{},"s":{"0":1,"1":1,"2":1},"f":{"0":1},"b":{},"_coverageSchema":"1a1c01bbd47fc00a2c39e90264f33305004495a9","hash":"b7cea200ffc3ab54a47e2de9366818032f525b46"}
}
