TN:
SF:models/index.js
FNF:0
FNH:0
DA:3,1
DA:4,1
DA:5,1
DA:6,1
DA:7,1
DA:9,1
DA:13,1
DA:14,1
DA:16,0
DA:28,1
DA:29,1
DA:31,1
DA:36,1
DA:43,1
DA:44,1
DA:46,1
LF:16
LH:15
BRDA:13,0,0,1
BRDA:13,0,1,0
BRF:2
BRH:1
end_of_record
TN:
SF:models/customer/index.js
FN:3,(anonymous_0)
FNF:1
FNH:1
FNDA:1,(anonymous_0)
DA:3,1
DA:4,1
LF:2
LH:2
BRF:0
BRH:0
end_of_record
TN:
SF:models/lib/collection.js
FN:8,(anonymous_0)
FN:12,(anonymous_1)
FN:23,(anonymous_2)
FN:41,(anonymous_3)
FN:54,(anonymous_4)
FNF:5
FNH:5
FNDA:2,(anonymous_0)
FNDA:2,(anonymous_1)
FNDA:3,(anonymous_2)
FNDA:2,(anonymous_3)
FNDA:2,(anonymous_4)
DA:9,2
DA:13,2
DA:14,2
DA:16,2
DA:18,0
DA:19,0
DA:24,3
DA:26,3
DA:27,3
DA:28,0
DA:29,0
DA:31,3
DA:34,3
DA:36,0
DA:37,0
DA:42,2
DA:43,2
DA:45,2
DA:46,2
DA:47,2
DA:49,0
DA:50,0
DA:55,2
DA:57,2
DA:59,2
DA:60,2
DA:63,0
DA:64,0
DA:69,1
LF:29
LH:19
BRDA:23,0,0,2
BRDA:27,1,0,0
BRDA:27,1,1,3
BRDA:43,2,0,0
BRDA:43,2,1,2
BRDA:57,3,0,0
BRDA:57,3,1,2
BRF:7
BRH:4
end_of_record
TN:
SF:models/order/index.js
FN:3,(anonymous_0)
FNF:1
FNH:1
FNDA:1,(anonymous_0)
DA:3,1
DA:14,1
LF:2
LH:2
BRF:0
BRH:0
end_of_record
