{"/home/jtimm/code401/class-01/demo/server/server.js": {"path":"/home/jtimm/code401/class-01/demo/server/server.js","statementMap":{"0":{"start":{"line":3,"column":16},"end":{"line":3,"column":34}},"1":{"start":{"line":4,"column":12},"end":{"line":4,"column":21}},"2":{"start":{"line":6,"column":24},"end":{"line":6,"column":52}},"3":{"start":{"line":7,"column":21},"end":{"line":7,"column":49}},"4":{"start":{"line":8,"column":16},"end":{"line":8,"column":50}},"5":{"start":{"line":10,"column":0},"end":{"line":12,"column":2}},"6":{"start":{"line":11,"column":2},"end":{"line":11,"column":37}},"7":{"start":{"line":14,"column":0},"end":{"line":22,"column":3}},"8":{"start":{"line":15,"column":21},"end":{"line":19,"column":3}},"9":{"start":{"line":21,"column":2},"end":{"line":21,"column":37}},"10":{"start":{"line":24,"column":0},"end":{"line":26,"column":3}},"11":{"start":{"line":25,"column":2},"end":{"line":25,"column":24}},"12":{"start":{"line":28,"column":0},"end":{"line":28,"column":30}},"13":{"start":{"line":29,"column":0},"end":{"line":29,"column":22}},"14":{"start":{"line":33,"column":2},"end":{"line":33,"column":66}},"15":{"start":{"line":33,"column":25},"end":{"line":33,"column":65}},"16":{"start":{"line":36,"column":0},"end":{"line":39,"column":1}}},"fnMap":{"0":{"name":"(anonymous_0)","decl":{"start":{"line":10,"column":22},"end":{"line":10,"column":23}},"loc":{"start":{"line":10,"column":36},"end":{"line":12,"column":1}},"line":10},"1":{"name":"(anonymous_1)","decl":{"start":{"line":14,"column":26},"end":{"line":14,"column":27}},"loc":{"start":{"line":14,"column":40},"end":{"line":22,"column":1}},"line":14},"2":{"name":"(anonymous_2)","decl":{"start":{"line":24,"column":16},"end":{"line":24,"column":17}},"loc":{"start":{"line":24,"column":36},"end":{"line":26,"column":1}},"line":24},"3":{"name":"start","decl":{"start":{"line":32,"column":9},"end":{"line":32,"column":14}},"loc":{"start":{"line":32,"column":21},"end":{"line":34,"column":1}},"line":32},"4":{"name":"(anonymous_4)","decl":{"start":{"line":33,"column":19},"end":{"line":33,"column":20}},"loc":{"start":{"line":33,"column":25},"end":{"line":33,"column":65}},"line":33}},"branchMap":{},"s":{"0":1,"1":1,"2":1,"3":1,"4":1,"5":1,"6":1,"7":1,"8":2,"9":2,"10":1,"11":1,"12":1,"13":1,"14":0,"15":0,"16":1},"f":{"0":1,"1":2,"2":1,"3":0,"4":0},"b":{},"_coverageSchema":"1a1c01bbd47fc00a2c39e90264f33305004495a9","hash":"f40284e0a2303ea806719f06c379e0b215a85990"}
,"/home/jtimm/code401/class-01/demo/server/handlers/404.js": {"path":"/home/jtimm/code401/class-01/demo/server/handlers/404.js","statementMap":{"0":{"start":{"line":3,"column":0},"end":{"line":9,"column":1}},"1":{"start":{"line":4,"column":2},"end":{"line":8,"column":4}}},"fnMap":{"0":{"name":"(anonymous_0)","decl":{"start":{"line":3,"column":17},"end":{"line":3,"column":18}},"loc":{"start":{"line":3,"column":31},"end":{"line":9,"column":1}},"line":3}},"branchMap":{},"s":{"0":1,"1":1},"f":{"0":1},"b":{},"_coverageSchema":"1a1c01bbd47fc00a2c39e90264f33305004495a9","hash":"cf9a76f0577fd981c52cc25bf434381be473d7b5"}
,"/home/jtimm/code401/class-01/demo/server/handlers/500.js": {"path":"/home/jtimm/code401/class-01/demo/server/handlers/500.js","statementMap":{"0":{"start":{"line":3,"column":0},"end":{"line":11,"column":1}},"1":{"start":{"line":4,"column":2},"end":{"line":10,"column":4}}},"fnMap":{"0":{"name":"(anonymous_0)","decl":{"start":{"line":3,"column":17},"end":{"line":3,"column":18}},"loc":{"start":{"line":3,"column":44},"end":{"line":11,"column":1}},"line":3}},"branchMap":{},"s":{"0":1,"1":1},"f":{"0":1},"b":{},"_coverageSchema":"1a1c01bbd47fc00a2c39e90264f33305004495a9","hash":"c6605ea722a8007702666bced596fe3f58085cbd"}
,"/home/jtimm/code401/class-01/demo/server/middleware/stamper.js": {"path":"/home/jtimm/code401/class-01/demo/server/middleware/stamper.js","statementMap":{"0":{"start":{"line":3,"column":0},"end":{"line":6,"column":1}},"1":{"start":{"line":4,"column":2},"end":{"line":4,"column":29}},"2":{"start":{"line":5,"column":2},"end":{"line":5,"column":9}}},"fnMap":{"0":{"name":"(anonymous_0)","decl":{"start":{"line":3,"column":17},"end":{"line":3,"column":18}},"loc":{"start":{"line":3,"column":37},"end":{"line":6,"column":1}},"line":3}},"branchMap":{},"s":{"0":1,"1":3,"2":3},"f":{"0":3},"b":{},"_coverageSchema":"1a1c01bbd47fc00a2c39e90264f33305004495a9","hash":"cd71c23f4b41e33a6fa2292581928018b2f1d951"}
}
