<?xml version="1.0" encoding="UTF-8"?>
<coverage generated="1750778561800" clover="3.2.0">
  <project timestamp="1750778561800" name="All files">
    <metrics statements="47" coveredstatements="32" conditionals="6" coveredconditionals="1" methods="16" coveredmethods="6" elements="69" coveredelements="39" complexity="0" loc="47" ncloc="47" packages="3" files="4" classes="4"/>
    <package name="src">
      <metrics statements="36" coveredstatements="21" conditionals="4" coveredconditionals="0" methods="13" coveredmethods="3"/>
      <file name="server-phase2.js" path="/home/qxie/401/class-02/demo/api-server/src/server-phase2.js">
        <metrics statements="36" coveredstatements="21" conditionals="4" coveredconditionals="0" methods="13" coveredmethods="3"/>
        <line num="4" count="1" type="stmt"/>
        <line num="7" count="1" type="stmt"/>
        <line num="8" count="1" type="stmt"/>
        <line num="9" count="1" type="stmt"/>
        <line num="11" count="1" type="stmt"/>
        <line num="14" count="1" type="stmt"/>
        <line num="17" count="1" type="stmt"/>
        <line num="23" count="0" type="stmt"/>
        <line num="24" count="0" type="stmt"/>
        <line num="32" count="2" type="stmt"/>
        <line num="33" count="0" type="cond" truecount="0" falsecount="2"/>
        <line num="34" count="0" type="stmt"/>
        <line num="37" count="0" type="stmt"/>
        <line num="38" count="0" type="stmt"/>
        <line num="46" count="1" type="stmt"/>
        <line num="50" count="1" type="stmt"/>
        <line num="54" count="1" type="stmt"/>
        <line num="59" count="0" type="stmt"/>
        <line num="63" count="1" type="stmt"/>
        <line num="68" count="0" type="stmt"/>
        <line num="69" count="0" type="stmt"/>
        <line num="75" count="1" type="stmt"/>
        <line num="77" count="1" type="stmt"/>
        <line num="80" count="1" type="stmt"/>
        <line num="82" count="0" type="stmt"/>
        <line num="87" count="1" type="stmt"/>
        <line num="88" count="0" type="stmt"/>
        <line num="94" count="1" type="stmt"/>
        <line num="95" count="0" type="stmt"/>
        <line num="99" count="1" type="stmt"/>
        <line num="100" count="0" type="stmt"/>
        <line num="106" count="1" type="stmt"/>
        <line num="107" count="1" type="stmt"/>
        <line num="110" count="1" type="stmt"/>
        <line num="113" count="0" type="cond" truecount="0" falsecount="2"/>
        <line num="114" count="0" type="stmt"/>
      </file>
    </package>
    <package name="src.error-handlers">
      <metrics statements="7" coveredstatements="7" conditionals="2" coveredconditionals="1" methods="2" coveredmethods="2"/>
      <file name="404.js" path="/home/qxie/401/class-02/demo/api-server/src/error-handlers/404.js">
        <metrics statements="3" coveredstatements="3" conditionals="0" coveredconditionals="0" methods="1" coveredmethods="1"/>
        <line num="12" count="2" type="stmt"/>
        <line num="17" count="2" type="stmt"/>
        <line num="20" count="1" type="stmt"/>
      </file>
      <file name="500.js" path="/home/qxie/401/class-02/demo/api-server/src/error-handlers/500.js">
        <metrics statements="4" coveredstatements="4" conditionals="2" coveredconditionals="1" methods="1" coveredmethods="1"/>
        <line num="12" count="1" type="stmt"/>
        <line num="15" count="1" type="cond" truecount="1" falsecount="1"/>
        <line num="17" count="1" type="stmt"/>
        <line num="21" count="1" type="stmt"/>
      </file>
    </package>
    <package name="src.middleware">
      <metrics statements="4" coveredstatements="4" conditionals="0" coveredconditionals="0" methods="1" coveredmethods="1"/>
      <file name="logger.js" path="/home/qxie/401/class-02/demo/api-server/src/middleware/logger.js">
        <metrics statements="4" coveredstatements="4" conditionals="0" coveredconditionals="0" methods="1" coveredmethods="1"/>
        <line num="5" count="2" type="stmt"/>
        <line num="6" count="6" type="stmt"/>
        <line num="9" count="6" type="stmt"/>
        <line num="12" count="2" type="stmt"/>
      </file>
    </package>
  </project>
</coverage>
