{"/home/qxie/401/class-02/demo/api-server/src/server-phase2.js": {"path":"/home/qxie/401/class-02/demo/api-server/src/server-phase2.js","statementMap":{"0":{"start":{"line":4,"column":16},"end":{"line":4,"column":34}},"1":{"start":{"line":7,"column":24},"end":{"line":7,"column":58}},"2":{"start":{"line":8,"column":21},"end":{"line":8,"column":55}},"3":{"start":{"line":9,"column":15},"end":{"line":9,"column":48}},"4":{"start":{"line":11,"column":12},"end":{"line":11,"column":21}},"5":{"start":{"line":14,"column":0},"end":{"line":14,"column":24}},"6":{"start":{"line":17,"column":0},"end":{"line":17,"column":16}},"7":{"start":{"line":23,"column":2},"end":{"line":23,"column":42}},"8":{"start":{"line":24,"column":2},"end":{"line":24,"column":9}},"9":{"start":{"line":32,"column":2},"end":{"line":40,"column":4}},"10":{"start":{"line":33,"column":4},"end":{"line":39,"column":5}},"11":{"start":{"line":34,"column":6},"end":{"line":34,"column":28}},"12":{"start":{"line":37,"column":6},"end":{"line":37,"column":25}},"13":{"start":{"line":38,"column":6},"end":{"line":38,"column":13}},"14":{"start":{"line":46,"column":0},"end":{"line":51,"column":3}},"15":{"start":{"line":50,"column":2},"end":{"line":50,"column":35}},"16":{"start":{"line":54,"column":0},"end":{"line":60,"column":3}},"17":{"start":{"line":59,"column":2},"end":{"line":59,"column":45}},"18":{"start":{"line":63,"column":0},"end":{"line":70,"column":3}},"19":{"start":{"line":68,"column":2},"end":{"line":68,"column":24}},"20":{"start":{"line":69,"column":2},"end":{"line":69,"column":38}},"21":{"start":{"line":75,"column":0},"end":{"line":78,"column":3}},"22":{"start":{"line":77,"column":2},"end":{"line":77,"column":56}},"23":{"start":{"line":80,"column":0},"end":{"line":83,"column":3}},"24":{"start":{"line":82,"column":2},"end":{"line":82,"column":39}},"25":{"start":{"line":87,"column":0},"end":{"line":89,"column":3}},"26":{"start":{"line":88,"column":2},"end":{"line":88,"column":43}},"27":{"start":{"line":94,"column":0},"end":{"line":96,"column":3}},"28":{"start":{"line":95,"column":2},"end":{"line":95,"column":47}},"29":{"start":{"line":99,"column":0},"end":{"line":101,"column":2}},"30":{"start":{"line":100,"column":2},"end":{"line":100,"column":77}},"31":{"start":{"line":106,"column":0},"end":{"line":106,"column":30}},"32":{"start":{"line":107,"column":0},"end":{"line":107,"column":22}},"33":{"start":{"line":110,"column":0},"end":{"line":116,"column":2}},"34":{"start":{"line":113,"column":4},"end":{"line":113,"column":51}},"35":{"start":{"line":113,"column":17},"end":{"line":113,"column":49}},"36":{"start":{"line":114,"column":4},"end":{"line":114,"column":64}},"37":{"start":{"line":114,"column":27},"end":{"line":114,"column":62}}},"fnMap":{"0":{"name":"getBrowser","decl":{"start":{"line":22,"column":9},"end":{"line":22,"column":19}},"loc":{"start":{"line":22,"column":36},"end":{"line":25,"column":1}},"line":22},"1":{"name":"square","decl":{"start":{"line":30,"column":9},"end":{"line":30,"column":15}},"loc":{"start":{"line":30,"column":19},"end":{"line":41,"column":1}},"line":30},"2":{"name":"(anonymous_2)","decl":{"start":{"line":32,"column":9},"end":{"line":32,"column":10}},"loc":{"start":{"line":32,"column":29},"end":{"line":40,"column":3}},"line":32},"3":{"name":"(anonymous_3)","decl":{"start":{"line":46,"column":18},"end":{"line":46,"column":19}},"loc":{"start":{"line":46,"column":32},"end":{"line":51,"column":1}},"line":46},"4":{"name":"(anonymous_4)","decl":{"start":{"line":54,"column":26},"end":{"line":54,"column":27}},"loc":{"start":{"line":54,"column":40},"end":{"line":60,"column":1}},"line":54},"5":{"name":"(anonymous_5)","decl":{"start":{"line":63,"column":19},"end":{"line":63,"column":20}},"loc":{"start":{"line":63,"column":33},"end":{"line":70,"column":1}},"line":63},"6":{"name":"(anonymous_6)","decl":{"start":{"line":75,"column":30},"end":{"line":75,"column":31}},"loc":{"start":{"line":75,"column":50},"end":{"line":78,"column":1}},"line":75},"7":{"name":"(anonymous_7)","decl":{"start":{"line":80,"column":29},"end":{"line":80,"column":30}},"loc":{"start":{"line":80,"column":49},"end":{"line":83,"column":1}},"line":80},"8":{"name":"(anonymous_8)","decl":{"start":{"line":87,"column":29},"end":{"line":87,"column":30}},"loc":{"start":{"line":87,"column":43},"end":{"line":89,"column":1}},"line":87},"9":{"name":"(anonymous_9)","decl":{"start":{"line":94,"column":30},"end":{"line":94,"column":31}},"loc":{"start":{"line":94,"column":44},"end":{"line":96,"column":1}},"line":94},"10":{"name":"(anonymous_10)","decl":{"start":{"line":99,"column":40},"end":{"line":99,"column":41}},"loc":{"start":{"line":99,"column":54},"end":{"line":101,"column":1}},"line":99},"11":{"name":"(anonymous_11)","decl":{"start":{"line":112,"column":9},"end":{"line":112,"column":10}},"loc":{"start":{"line":112,"column":17},"end":{"line":115,"column":3}},"line":112},"12":{"name":"(anonymous_12)","decl":{"start":{"line":114,"column":21},"end":{"line":114,"column":22}},"loc":{"start":{"line":114,"column":27},"end":{"line":114,"column":62}},"line":114}},"branchMap":{"0":{"loc":{"start":{"line":33,"column":4},"end":{"line":39,"column":5}},"type":"if","locations":[{"start":{"line":33,"column":4},"end":{"line":39,"column":5}},{"start":{"line":33,"column":4},"end":{"line":39,"column":5}}],"line":33},"1":{"loc":{"start":{"line":113,"column":4},"end":{"line":113,"column":51}},"type":"if","locations":[{"start":{"line":113,"column":4},"end":{"line":113,"column":51}},{"start":{"line":113,"column":4},"end":{"line":113,"column":51}}],"line":113}},"s":{"0":1,"1":1,"2":1,"3":1,"4":1,"5":1,"6":1,"7":0,"8":0,"9":2,"10":0,"11":0,"12":0,"13":0,"14":1,"15":1,"16":1,"17":0,"18":1,"19":0,"20":0,"21":1,"22":1,"23":1,"24":0,"25":1,"26":0,"27":1,"28":0,"29":1,"30":0,"31":1,"32":1,"33":1,"34":0,"35":0,"36":0,"37":0},"f":{"0":0,"1":2,"2":0,"3":1,"4":0,"5":0,"6":1,"7":0,"8":0,"9":0,"10":0,"11":0,"12":0},"b":{"0":[0,0],"1":[0,0]},"_coverageSchema":"43e27e138ebf9cfc5966b082cf9a028302ed4184","hash":"ef079752738de0744d47366d4a6cef02cb364e90"}
,"/home/qxie/401/class-02/demo/api-server/src/error-handlers/404.js": {"path":"/home/qxie/401/class-02/demo/api-server/src/error-handlers/404.js","statementMap":{"0":{"start":{"line":12,"column":22},"end":{"line":15,"column":3}},"1":{"start":{"line":17,"column":2},"end":{"line":17,"column":36}},"2":{"start":{"line":20,"column":0},"end":{"line":20,"column":27}}},"fnMap":{"0":{"name":"handle404","decl":{"start":{"line":10,"column":9},"end":{"line":10,"column":18}},"loc":{"start":{"line":10,"column":35},"end":{"line":18,"column":1}},"line":10}},"branchMap":{},"s":{"0":2,"1":2,"2":1},"f":{"0":2},"b":{},"_coverageSchema":"43e27e138ebf9cfc5966b082cf9a028302ed4184","hash":"43b2543c4c0bd7de963511885036372e2f943756"}
,"/home/qxie/401/class-02/demo/api-server/src/error-handlers/500.js": {"path":"/home/qxie/401/class-02/demo/api-server/src/error-handlers/500.js","statementMap":{"0":{"start":{"line":12,"column":0},"end":{"line":22,"column":1}},"1":{"start":{"line":15,"column":16},"end":{"line":15,"column":47}},"2":{"start":{"line":17,"column":22},"end":{"line":20,"column":3}},"3":{"start":{"line":21,"column":2},"end":{"line":21,"column":36}}},"fnMap":{"0":{"name":"(anonymous_0)","decl":{"start":{"line":12,"column":17},"end":{"line":12,"column":18}},"loc":{"start":{"line":12,"column":48},"end":{"line":22,"column":1}},"line":12}},"branchMap":{"0":{"loc":{"start":{"line":15,"column":16},"end":{"line":15,"column":47}},"type":"cond-expr","locations":[{"start":{"line":15,"column":30},"end":{"line":15,"column":41}},{"start":{"line":15,"column":44},"end":{"line":15,"column":47}}],"line":15}},"s":{"0":1,"1":1,"2":1,"3":1},"f":{"0":1},"b":{"0":[1,0]},"_coverageSchema":"43e27e138ebf9cfc5966b082cf9a028302ed4184","hash":"8fb812a1faf31e20cee36a89674ec781e118fd3c"}
,"/home/qxie/401/class-02/demo/api-server/src/middleware/logger.js": {"path":"/home/qxie/401/class-02/demo/api-server/src/middleware/logger.js","statementMap":{"0":{"start":{"line":5,"column":15},"end":{"line":10,"column":1}},"1":{"start":{"line":6,"column":2},"end":{"line":6,"column":48}},"2":{"start":{"line":9,"column":2},"end":{"line":9,"column":9}},"3":{"start":{"line":12,"column":0},"end":{"line":12,"column":24}}},"fnMap":{"0":{"name":"(anonymous_0)","decl":{"start":{"line":5,"column":15},"end":{"line":5,"column":16}},"loc":{"start":{"line":5,"column":35},"end":{"line":10,"column":1}},"line":5}},"branchMap":{},"s":{"0":2,"1":6,"2":6,"3":2},"f":{"0":6},"b":{},"_coverageSchema":"43e27e138ebf9cfc5966b082cf9a028302ed4184","hash":"ed84a7ab4c373f5dd8825f90ec64836e1708e3d0"}
}
