TN:
SF:/home/qxie/401/class-02/demo/api-server/src/server-phase2.js
FN:22,getBrowser
FN:30,square
FN:32,(anonymous_2)
FN:46,(anonymous_3)
FN:54,(anonymous_4)
FN:63,(anonymous_5)
FN:75,(anonymous_6)
FN:80,(anonymous_7)
FN:87,(anonymous_8)
FN:94,(anonymous_9)
FN:99,(anonymous_10)
FN:112,(anonymous_11)
FN:114,(anonymous_12)
FNF:13
FNH:3
FNDA:0,getBrowser
FNDA:2,square
FNDA:0,(anonymous_2)
FNDA:1,(anonymous_3)
FNDA:0,(anonymous_4)
FNDA:0,(anonymous_5)
FNDA:1,(anonymous_6)
FNDA:0,(anonymous_7)
FNDA:0,(anonymous_8)
FNDA:0,(anonymous_9)
FNDA:0,(anonymous_10)
FNDA:0,(anonymous_11)
FNDA:0,(anonymous_12)
DA:4,1
DA:7,1
DA:8,1
DA:9,1
DA:11,1
DA:14,1
DA:17,1
DA:23,0
DA:24,0
DA:32,2
DA:33,0
DA:34,0
DA:37,0
DA:38,0
DA:46,1
DA:50,1
DA:54,1
DA:59,0
DA:63,1
DA:68,0
DA:69,0
DA:75,1
DA:77,1
DA:80,1
DA:82,0
DA:87,1
DA:88,0
DA:94,1
DA:95,0
DA:99,1
DA:100,0
DA:106,1
DA:107,1
DA:110,1
DA:113,0
DA:114,0
LF:36
LH:21
BRDA:33,0,0,0
BRDA:33,0,1,0
BRDA:113,1,0,0
BRDA:113,1,1,0
BRF:4
BRH:0
end_of_record
TN:
SF:/home/qxie/401/class-02/demo/api-server/src/error-handlers/404.js
FN:10,handle404
FNF:1
FNH:1
FNDA:2,handle404
DA:12,2
DA:17,2
DA:20,1
LF:3
LH:3
BRF:0
BRH:0
end_of_record
TN:
SF:/home/qxie/401/class-02/demo/api-server/src/error-handlers/500.js
FN:12,(anonymous_0)
FNF:1
FNH:1
FNDA:1,(anonymous_0)
DA:12,1
DA:15,1
DA:17,1
DA:21,1
LF:4
LH:4
BRDA:15,0,0,1
BRDA:15,0,1,0
BRF:2
BRH:1
end_of_record
TN:
SF:/home/qxie/401/class-02/demo/api-server/src/middleware/logger.js
FN:5,(anonymous_0)
FNF:1
FNH:1
FNDA:6,(anonymous_0)
DA:5,2
DA:6,6
DA:9,6
DA:12,2
LF:4
LH:4
BRF:0
BRH:0
end_of_record
