{"/home/qxie/401/class-03/solution/lab/src/server.js": {"path":"/home/qxie/401/class-03/solution/lab/src/server.js","statementMap":{"0":{"start":{"line":4,"column":16},"end":{"line":4,"column":34}},"1":{"start":{"line":7,"column":24},"end":{"line":7,"column":58}},"2":{"start":{"line":8,"column":21},"end":{"line":8,"column":55}},"3":{"start":{"line":9,"column":15},"end":{"line":9,"column":48}},"4":{"start":{"line":11,"column":19},"end":{"line":11,"column":46}},"5":{"start":{"line":12,"column":22},"end":{"line":12,"column":52}},"6":{"start":{"line":14,"column":12},"end":{"line":14,"column":21}},"7":{"start":{"line":17,"column":0},"end":{"line":17,"column":24}},"8":{"start":{"line":20,"column":0},"end":{"line":20,"column":16}},"9":{"start":{"line":23,"column":0},"end":{"line":23,"column":20}},"10":{"start":{"line":24,"column":0},"end":{"line":24,"column":23}},"11":{"start":{"line":28,"column":0},"end":{"line":28,"column":30}},"12":{"start":{"line":29,"column":0},"end":{"line":29,"column":22}},"13":{"start":{"line":32,"column":0},"end":{"line":38,"column":2}},"14":{"start":{"line":35,"column":4},"end":{"line":35,"column":51}},"15":{"start":{"line":35,"column":17},"end":{"line":35,"column":49}},"16":{"start":{"line":36,"column":4},"end":{"line":36,"column":64}},"17":{"start":{"line":36,"column":27},"end":{"line":36,"column":62}}},"fnMap":{"0":{"name":"(anonymous_0)","decl":{"start":{"line":34,"column":9},"end":{"line":34,"column":10}},"loc":{"start":{"line":34,"column":17},"end":{"line":37,"column":3}},"line":34},"1":{"name":"(anonymous_1)","decl":{"start":{"line":36,"column":21},"end":{"line":36,"column":22}},"loc":{"start":{"line":36,"column":27},"end":{"line":36,"column":62}},"line":36}},"branchMap":{"0":{"loc":{"start":{"line":35,"column":4},"end":{"line":35,"column":51}},"type":"if","locations":[{"start":{"line":35,"column":4},"end":{"line":35,"column":51}},{"start":{"line":35,"column":4},"end":{"line":35,"column":51}}],"line":35}},"s":{"0":1,"1":1,"2":1,"3":1,"4":1,"5":1,"6":1,"7":1,"8":1,"9":1,"10":1,"11":1,"12":1,"13":1,"14":0,"15":0,"16":0,"17":0},"f":{"0":0,"1":0},"b":{"0":[0,0]},"_coverageSchema":"43e27e138ebf9cfc5966b082cf9a028302ed4184","hash":"dd56e4be5bca136210749d57e5e339dd3de3ce8e"}
,"/home/qxie/401/class-03/solution/lab/src/error-handlers/404.js": {"path":"/home/qxie/401/class-03/solution/lab/src/error-handlers/404.js","statementMap":{"0":{"start":{"line":12,"column":22},"end":{"line":15,"column":3}},"1":{"start":{"line":17,"column":2},"end":{"line":17,"column":36}},"2":{"start":{"line":20,"column":0},"end":{"line":20,"column":27}}},"fnMap":{"0":{"name":"handle404","decl":{"start":{"line":10,"column":9},"end":{"line":10,"column":18}},"loc":{"start":{"line":10,"column":35},"end":{"line":18,"column":1}},"line":10}},"branchMap":{},"s":{"0":2,"1":2,"2":1},"f":{"0":2},"b":{},"_coverageSchema":"43e27e138ebf9cfc5966b082cf9a028302ed4184","hash":"8d7eae49679b0bf554b651da89076a8944fecfa0"}
,"/home/qxie/401/class-03/solution/lab/src/error-handlers/500.js": {"path":"/home/qxie/401/class-03/solution/lab/src/error-handlers/500.js","statementMap":{"0":{"start":{"line":12,"column":0},"end":{"line":22,"column":1}},"1":{"start":{"line":15,"column":16},"end":{"line":15,"column":47}},"2":{"start":{"line":17,"column":22},"end":{"line":20,"column":3}},"3":{"start":{"line":21,"column":2},"end":{"line":21,"column":36}}},"fnMap":{"0":{"name":"(anonymous_0)","decl":{"start":{"line":12,"column":17},"end":{"line":12,"column":18}},"loc":{"start":{"line":12,"column":48},"end":{"line":22,"column":1}},"line":12}},"branchMap":{"0":{"loc":{"start":{"line":15,"column":16},"end":{"line":15,"column":47}},"type":"cond-expr","locations":[{"start":{"line":15,"column":30},"end":{"line":15,"column":41}},{"start":{"line":15,"column":44},"end":{"line":15,"column":47}}],"line":15}},"s":{"0":1,"1":0,"2":0,"3":0},"f":{"0":0},"b":{"0":[0,0]},"_coverageSchema":"43e27e138ebf9cfc5966b082cf9a028302ed4184","hash":"5f32db33310e2d860c705ef6e3487a910e2409d9"}
,"/home/qxie/401/class-03/solution/lab/src/middleware/logger.js": {"path":"/home/qxie/401/class-03/solution/lab/src/middleware/logger.js","statementMap":{"0":{"start":{"line":5,"column":15},"end":{"line":10,"column":1}},"1":{"start":{"line":6,"column":2},"end":{"line":6,"column":48}},"2":{"start":{"line":9,"column":2},"end":{"line":9,"column":9}},"3":{"start":{"line":12,"column":0},"end":{"line":12,"column":24}}},"fnMap":{"0":{"name":"(anonymous_0)","decl":{"start":{"line":5,"column":15},"end":{"line":5,"column":16}},"loc":{"start":{"line":5,"column":35},"end":{"line":10,"column":1}},"line":5}},"branchMap":{},"s":{"0":2,"1":10,"2":10,"3":2},"f":{"0":10},"b":{},"_coverageSchema":"43e27e138ebf9cfc5966b082cf9a028302ed4184","hash":"8dbdad3f5feebeb6c6a915b82f291cdcdd9dc470"}
,"/home/qxie/401/class-03/solution/lab/src/models/clothes.js": {"path":"/home/qxie/401/class-03/solution/lab/src/models/clothes.js","statementMap":{"0":{"start":{"line":3,"column":16},"end":{"line":16,"column":2}},"1":{"start":{"line":3,"column":42},"end":{"line":16,"column":2}},"2":{"start":{"line":18,"column":0},"end":{"line":18,"column":25}}},"fnMap":{"0":{"name":"(anonymous_0)","decl":{"start":{"line":3,"column":16},"end":{"line":3,"column":17}},"loc":{"start":{"line":3,"column":42},"end":{"line":16,"column":2}},"line":3}},"branchMap":{},"s":{"0":1,"1":1,"2":1},"f":{"0":1},"b":{},"_coverageSchema":"43e27e138ebf9cfc5966b082cf9a028302ed4184","hash":"e2c5d3a4427bc8f0139d2498d5764936f2c096cc"}
,"/home/qxie/401/class-03/solution/lab/src/models/food.js": {"path":"/home/qxie/401/class-03/solution/lab/src/models/food.js","statementMap":{"0":{"start":{"line":3,"column":13},"end":{"line":16,"column":2}},"1":{"start":{"line":3,"column":39},"end":{"line":16,"column":2}},"2":{"start":{"line":18,"column":0},"end":{"line":18,"column":22}}},"fnMap":{"0":{"name":"(anonymous_0)","decl":{"start":{"line":3,"column":13},"end":{"line":3,"column":14}},"loc":{"start":{"line":3,"column":39},"end":{"line":16,"column":2}},"line":3}},"branchMap":{},"s":{"0":1,"1":1,"2":1},"f":{"0":1},"b":{},"_coverageSchema":"43e27e138ebf9cfc5966b082cf9a028302ed4184","hash":"f7b7f2bf79cac1cfd568bbc3be5463a20ccfe871"}
,"/home/qxie/401/class-03/solution/lab/src/models/index.js": {"path":"/home/qxie/401/class-03/solution/lab/src/models/index.js","statementMap":{"0":{"start":{"line":3,"column":0},"end":{"line":3,"column":27}},"1":{"start":{"line":4,"column":33},"end":{"line":4,"column":53}},"2":{"start":{"line":6,"column":21},"end":{"line":6,"column":98}},"3":{"start":{"line":7,"column":25},"end":{"line":14,"column":6}},"4":{"start":{"line":16,"column":18},"end":{"line":16,"column":63}},"5":{"start":{"line":17,"column":19},"end":{"line":17,"column":39}},"6":{"start":{"line":18,"column":22},"end":{"line":18,"column":45}},"7":{"start":{"line":20,"column":0},"end":{"line":24,"column":2}}},"fnMap":{},"branchMap":{"0":{"loc":{"start":{"line":6,"column":21},"end":{"line":6,"column":98}},"type":"cond-expr","locations":[{"start":{"line":6,"column":55},"end":{"line":6,"column":71}},{"start":{"line":6,"column":74},"end":{"line":6,"column":98}}],"line":6},"1":{"loc":{"start":{"line":7,"column":25},"end":{"line":14,"column":6}},"type":"cond-expr","locations":[{"start":{"line":7,"column":61},"end":{"line":14,"column":1}},{"start":{"line":14,"column":4},"end":{"line":14,"column":6}}],"line":7}},"s":{"0":1,"1":1,"2":1,"3":1,"4":1,"5":1,"6":1,"7":1},"f":{},"b":{"0":[1,0],"1":[0,1]},"_coverageSchema":"43e27e138ebf9cfc5966b082cf9a028302ed4184","hash":"013b463f3986004d95cfe21b87ed55e83e933ed5"}
,"/home/qxie/401/class-03/solution/lab/src/routes/clothes.js": {"path":"/home/qxie/401/class-03/solution/lab/src/routes/clothes.js","statementMap":{"0":{"start":{"line":3,"column":16},"end":{"line":3,"column":34}},"1":{"start":{"line":5,"column":16},"end":{"line":5,"column":45}},"2":{"start":{"line":7,"column":15},"end":{"line":7,"column":31}},"3":{"start":{"line":10,"column":0},"end":{"line":10,"column":35}},"4":{"start":{"line":11,"column":0},"end":{"line":11,"column":42}},"5":{"start":{"line":12,"column":0},"end":{"line":12,"column":39}},"6":{"start":{"line":13,"column":0},"end":{"line":13,"column":42}},"7":{"start":{"line":14,"column":0},"end":{"line":14,"column":45}},"8":{"start":{"line":18,"column":19},"end":{"line":18,"column":42}},"9":{"start":{"line":19,"column":2},"end":{"line":19,"column":35}},"10":{"start":{"line":23,"column":13},"end":{"line":23,"column":36}},"11":{"start":{"line":24,"column":19},"end":{"line":24,"column":59}},"12":{"start":{"line":25,"column":2},"end":{"line":25,"column":35}},"13":{"start":{"line":29,"column":12},"end":{"line":29,"column":20}},"14":{"start":{"line":30,"column":19},"end":{"line":30,"column":44}},"15":{"start":{"line":31,"column":2},"end":{"line":31,"column":35}},"16":{"start":{"line":35,"column":13},"end":{"line":35,"column":36}},"17":{"start":{"line":36,"column":14},"end":{"line":36,"column":22}},"18":{"start":{"line":37,"column":16},"end":{"line":37,"column":56}},"19":{"start":{"line":38,"column":23},"end":{"line":38,"column":48}},"20":{"start":{"line":39,"column":2},"end":{"line":39,"column":39}},"21":{"start":{"line":43,"column":11},"end":{"line":43,"column":34}},"22":{"start":{"line":44,"column":23},"end":{"line":44,"column":63}},"23":{"start":{"line":45,"column":2},"end":{"line":45,"column":39}},"24":{"start":{"line":49,"column":0},"end":{"line":49,"column":24}}},"fnMap":{"0":{"name":"getClothes","decl":{"start":{"line":17,"column":15},"end":{"line":17,"column":25}},"loc":{"start":{"line":17,"column":36},"end":{"line":20,"column":1}},"line":17},"1":{"name":"getOneClothes","decl":{"start":{"line":22,"column":15},"end":{"line":22,"column":28}},"loc":{"start":{"line":22,"column":39},"end":{"line":26,"column":1}},"line":22},"2":{"name":"createClothes","decl":{"start":{"line":28,"column":15},"end":{"line":28,"column":28}},"loc":{"start":{"line":28,"column":39},"end":{"line":32,"column":1}},"line":28},"3":{"name":"updateClothes","decl":{"start":{"line":34,"column":15},"end":{"line":34,"column":28}},"loc":{"start":{"line":34,"column":39},"end":{"line":40,"column":1}},"line":34},"4":{"name":"deleteClothes","decl":{"start":{"line":42,"column":15},"end":{"line":42,"column":28}},"loc":{"start":{"line":42,"column":39},"end":{"line":46,"column":1}},"line":42}},"branchMap":{},"s":{"0":1,"1":1,"2":1,"3":1,"4":1,"5":1,"6":1,"7":1,"8":0,"9":0,"10":0,"11":0,"12":0,"13":0,"14":0,"15":0,"16":0,"17":0,"18":0,"19":0,"20":0,"21":0,"22":0,"23":0,"24":1},"f":{"0":0,"1":0,"2":0,"3":0,"4":0},"b":{},"_coverageSchema":"43e27e138ebf9cfc5966b082cf9a028302ed4184","hash":"9d0c7256a73c1ef633693cda32e5625f27654357"}
,"/home/qxie/401/class-03/solution/lab/src/routes/food.js": {"path":"/home/qxie/401/class-03/solution/lab/src/routes/food.js","statementMap":{"0":{"start":{"line":3,"column":16},"end":{"line":3,"column":34}},"1":{"start":{"line":5,"column":17},"end":{"line":5,"column":46}},"2":{"start":{"line":7,"column":15},"end":{"line":7,"column":31}},"3":{"start":{"line":10,"column":0},"end":{"line":10,"column":29}},"4":{"start":{"line":11,"column":0},"end":{"line":11,"column":36}},"5":{"start":{"line":12,"column":0},"end":{"line":12,"column":33}},"6":{"start":{"line":13,"column":0},"end":{"line":13,"column":36}},"7":{"start":{"line":14,"column":0},"end":{"line":14,"column":39}},"8":{"start":{"line":18,"column":16},"end":{"line":18,"column":36}},"9":{"start":{"line":19,"column":2},"end":{"line":19,"column":32}},"10":{"start":{"line":23,"column":13},"end":{"line":23,"column":36}},"11":{"start":{"line":24,"column":16},"end":{"line":24,"column":53}},"12":{"start":{"line":25,"column":2},"end":{"line":25,"column":32}},"13":{"start":{"line":29,"column":12},"end":{"line":29,"column":20}},"14":{"start":{"line":30,"column":16},"end":{"line":30,"column":38}},"15":{"start":{"line":31,"column":2},"end":{"line":31,"column":32}},"16":{"start":{"line":35,"column":13},"end":{"line":35,"column":36}},"17":{"start":{"line":36,"column":14},"end":{"line":36,"column":22}},"18":{"start":{"line":37,"column":17},"end":{"line":37,"column":54}},"19":{"start":{"line":38,"column":20},"end":{"line":38,"column":46}},"20":{"start":{"line":39,"column":2},"end":{"line":39,"column":36}},"21":{"start":{"line":43,"column":11},"end":{"line":43,"column":34}},"22":{"start":{"line":44,"column":20},"end":{"line":44,"column":57}},"23":{"start":{"line":45,"column":2},"end":{"line":45,"column":36}},"24":{"start":{"line":49,"column":0},"end":{"line":49,"column":24}}},"fnMap":{"0":{"name":"getFood","decl":{"start":{"line":17,"column":15},"end":{"line":17,"column":22}},"loc":{"start":{"line":17,"column":33},"end":{"line":20,"column":1}},"line":17},"1":{"name":"getOneFood","decl":{"start":{"line":22,"column":15},"end":{"line":22,"column":25}},"loc":{"start":{"line":22,"column":36},"end":{"line":26,"column":1}},"line":22},"2":{"name":"createFood","decl":{"start":{"line":28,"column":15},"end":{"line":28,"column":25}},"loc":{"start":{"line":28,"column":36},"end":{"line":32,"column":1}},"line":28},"3":{"name":"updateFood","decl":{"start":{"line":34,"column":15},"end":{"line":34,"column":25}},"loc":{"start":{"line":34,"column":36},"end":{"line":40,"column":1}},"line":34},"4":{"name":"deleteFood","decl":{"start":{"line":42,"column":15},"end":{"line":42,"column":25}},"loc":{"start":{"line":42,"column":36},"end":{"line":46,"column":1}},"line":42}},"branchMap":{},"s":{"0":1,"1":1,"2":1,"3":1,"4":1,"5":1,"6":1,"7":1,"8":2,"9":2,"10":1,"11":1,"12":1,"13":1,"14":1,"15":1,"16":1,"17":1,"18":1,"19":1,"20":1,"21":1,"22":1,"23":1,"24":1},"f":{"0":2,"1":1,"2":1,"3":1,"4":1},"b":{},"_coverageSchema":"43e27e138ebf9cfc5966b082cf9a028302ed4184","hash":"192a13d5906f2775fb5d4a9ec72c2636cad8c40a"}
}
