TN:
SF:/home/qxie/401/class-03/solution/lab/src/server.js
FN:34,(anonymous_0)
FN:36,(anonymous_1)
FNF:2
FNH:0
FNDA:0,(anonymous_0)
FNDA:0,(anonymous_1)
DA:4,1
DA:7,1
DA:8,1
DA:9,1
DA:11,1
DA:12,1
DA:14,1
DA:17,1
DA:20,1
DA:23,1
DA:24,1
DA:28,1
DA:29,1
DA:32,1
DA:35,0
DA:36,0
LF:16
LH:14
BRDA:35,0,0,0
BRDA:35,0,1,0
BRF:2
BRH:0
end_of_record
TN:
SF:/home/qxie/401/class-03/solution/lab/src/error-handlers/404.js
FN:10,handle404
FNF:1
FNH:1
FNDA:2,handle404
DA:12,2
DA:17,2
DA:20,1
LF:3
LH:3
BRF:0
BRH:0
end_of_record
TN:
SF:/home/qxie/401/class-03/solution/lab/src/error-handlers/500.js
FN:12,(anonymous_0)
FNF:1
FNH:0
FNDA:0,(anonymous_0)
DA:12,1
DA:15,0
DA:17,0
DA:21,0
LF:4
LH:1
BRDA:15,0,0,0
BRDA:15,0,1,0
BRF:2
BRH:0
end_of_record
TN:
SF:/home/qxie/401/class-03/solution/lab/src/middleware/logger.js
FN:5,(anonymous_0)
FNF:1
FNH:1
FNDA:10,(anonymous_0)
DA:5,2
DA:6,10
DA:9,10
DA:12,2
LF:4
LH:4
BRF:0
BRH:0
end_of_record
TN:
SF:/home/qxie/401/class-03/solution/lab/src/models/clothes.js
FN:3,(anonymous_0)
FNF:1
FNH:1
FNDA:1,(anonymous_0)
DA:3,1
DA:18,1
LF:2
LH:2
BRF:0
BRH:0
end_of_record
TN:
SF:/home/qxie/401/class-03/solution/lab/src/models/food.js
FN:3,(anonymous_0)
FNF:1
FNH:1
FNDA:1,(anonymous_0)
DA:3,1
DA:18,1
LF:2
LH:2
BRF:0
BRH:0
end_of_record
TN:
SF:/home/qxie/401/class-03/solution/lab/src/models/index.js
FNF:0
FNH:0
DA:3,1
DA:4,1
DA:6,1
DA:7,1
DA:16,1
DA:17,1
DA:18,1
DA:20,1
LF:8
LH:8
BRDA:6,0,0,1
BRDA:6,0,1,0
BRDA:7,1,0,0
BRDA:7,1,1,1
BRF:4
BRH:2
end_of_record
TN:
SF:/home/qxie/401/class-03/solution/lab/src/routes/clothes.js
FN:17,getClothes
FN:22,getOneClothes
FN:28,createClothes
FN:34,updateClothes
FN:42,deleteClothes
FNF:5
FNH:0
FNDA:0,getClothes
FNDA:0,getOneClothes
FNDA:0,createClothes
FNDA:0,updateClothes
FNDA:0,deleteClothes
DA:3,1
DA:5,1
DA:7,1
DA:10,1
DA:11,1
DA:12,1
DA:13,1
DA:14,1
DA:18,0
DA:19,0
DA:23,0
DA:24,0
DA:25,0
DA:29,0
DA:30,0
DA:31,0
DA:35,0
DA:36,0
DA:37,0
DA:38,0
DA:39,0
DA:43,0
DA:44,0
DA:45,0
DA:49,1
LF:25
LH:9
BRF:0
BRH:0
end_of_record
TN:
SF:/home/qxie/401/class-03/solution/lab/src/routes/food.js
FN:17,getFood
FN:22,getOneFood
FN:28,createFood
FN:34,updateFood
FN:42,deleteFood
FNF:5
FNH:5
FNDA:2,getFood
FNDA:1,getOneFood
FNDA:1,createFood
FNDA:1,updateFood
FNDA:1,deleteFood
DA:3,1
DA:5,1
DA:7,1
DA:10,1
DA:11,1
DA:12,1
DA:13,1
DA:14,1
DA:18,2
DA:19,2
DA:23,1
DA:24,1
DA:25,1
DA:29,1
DA:30,1
DA:31,1
DA:35,1
DA:36,1
DA:37,1
DA:38,1
DA:39,1
DA:43,1
DA:44,1
DA:45,1
DA:49,1
LF:25
LH:25
BRF:0
BRH:0
end_of_record
