<?xml version="1.0" encoding="UTF-8"?>
<coverage generated="1753803041605" clover="3.2.0">
  <project timestamp="1753803041605" name="All files">
    <metrics statements="9" coveredstatements="8" conditionals="3" coveredconditionals="1" methods="2" coveredmethods="2" elements="14" coveredelements="11" complexity="0" loc="9" ncloc="9" packages="1" files="1" classes="1"/>
    <file name="handler.js" path="/home/qxie/401/class-11/solution/lab/clients/vendor/handler.js">
      <metrics statements="9" coveredstatements="8" conditionals="3" coveredconditionals="1" methods="2" coveredmethods="2"/>
      <line num="4" count="1" type="stmt"/>
      <line num="5" count="1" type="stmt"/>
      <line num="6" count="1" type="stmt"/>
      <line num="9" count="1" type="cond" truecount="1" falsecount="1"/>
      <line num="10" count="0" type="stmt"/>
      <line num="19" count="1" type="stmt"/>
      <line num="20" count="1" type="stmt"/>
      <line num="24" count="1" type="stmt"/>
      <line num="27" count="1" type="stmt"/>
    </file>
  </project>
</coverage>
