{"/home/qxie/401/class-11/solution/lab/clients/vendor/handler.js": {"path":"/home/qxie/401/class-11/solution/lab/clients/vendor/handler.js","statementMap":{"0":{"start":{"line":4,"column":18},"end":{"line":4,"column":45}},"1":{"start":{"line":5,"column":13},"end":{"line":5,"column":30}},"2":{"start":{"line":6,"column":13},"end":{"line":6,"column":25}},"3":{"start":{"line":9,"column":2},"end":{"line":16,"column":3}},"4":{"start":{"line":10,"column":4},"end":{"line":15,"column":6}},"5":{"start":{"line":19,"column":2},"end":{"line":19,"column":48}},"6":{"start":{"line":20,"column":2},"end":{"line":20,"column":36}},"7":{"start":{"line":24,"column":2},"end":{"line":24,"column":61}},"8":{"start":{"line":27,"column":0},"end":{"line":30,"column":2}}},"fnMap":{"0":{"name":"createPackage","decl":{"start":{"line":8,"column":9},"end":{"line":8,"column":22}},"loc":{"start":{"line":8,"column":37},"end":{"line":21,"column":1}},"line":8},"1":{"name":"thankDriver","decl":{"start":{"line":23,"column":9},"end":{"line":23,"column":20}},"loc":{"start":{"line":23,"column":29},"end":{"line":25,"column":1}},"line":23}},"branchMap":{"0":{"loc":{"start":{"line":8,"column":23},"end":{"line":8,"column":35}},"type":"default-arg","locations":[{"start":{"line":8,"column":31},"end":{"line":8,"column":35}}],"line":8},"1":{"loc":{"start":{"line":9,"column":2},"end":{"line":16,"column":3}},"type":"if","locations":[{"start":{"line":9,"column":2},"end":{"line":16,"column":3}},{"start":{},"end":{}}],"line":9}},"s":{"0":1,"1":1,"2":1,"3":1,"4":0,"5":1,"6":1,"7":1,"8":1},"f":{"0":1,"1":1},"b":{"0":[0],"1":[0,1]},"_coverageSchema":"1a1c01bbd47fc00a2c39e90264f33305004495a9","hash":"eaf0f3efb137d9c7e62d4b4270f937fa7423baf5"}
}
