{"/home/qxie/401/class-03/demo/api-server/src/server-phase-3.js": {"path":"/home/qxie/401/class-03/demo/api-server/src/server-phase-3.js","statementMap":{"0":{"start":{"line":4,"column":16},"end":{"line":4,"column":34}},"1":{"start":{"line":7,"column":24},"end":{"line":7,"column":58}},"2":{"start":{"line":8,"column":21},"end":{"line":8,"column":55}},"3":{"start":{"line":9,"column":15},"end":{"line":9,"column":48}},"4":{"start":{"line":10,"column":21},"end":{"line":10,"column":50}},"5":{"start":{"line":12,"column":12},"end":{"line":12,"column":21}},"6":{"start":{"line":15,"column":0},"end":{"line":15,"column":24}},"7":{"start":{"line":18,"column":0},"end":{"line":18,"column":16}},"8":{"start":{"line":21,"column":0},"end":{"line":21,"column":22}},"9":{"start":{"line":26,"column":0},"end":{"line":26,"column":30}},"10":{"start":{"line":27,"column":0},"end":{"line":27,"column":22}},"11":{"start":{"line":30,"column":0},"end":{"line":36,"column":2}},"12":{"start":{"line":33,"column":4},"end":{"line":33,"column":51}},"13":{"start":{"line":33,"column":17},"end":{"line":33,"column":49}},"14":{"start":{"line":34,"column":4},"end":{"line":34,"column":64}},"15":{"start":{"line":34,"column":27},"end":{"line":34,"column":62}}},"fnMap":{"0":{"name":"(anonymous_0)","decl":{"start":{"line":32,"column":9},"end":{"line":32,"column":10}},"loc":{"start":{"line":32,"column":17},"end":{"line":35,"column":3}},"line":32},"1":{"name":"(anonymous_1)","decl":{"start":{"line":34,"column":21},"end":{"line":34,"column":22}},"loc":{"start":{"line":34,"column":27},"end":{"line":34,"column":62}},"line":34}},"branchMap":{"0":{"loc":{"start":{"line":33,"column":4},"end":{"line":33,"column":51}},"type":"if","locations":[{"start":{"line":33,"column":4},"end":{"line":33,"column":51}},{"start":{"line":33,"column":4},"end":{"line":33,"column":51}}],"line":33}},"s":{"0":1,"1":1,"2":1,"3":1,"4":1,"5":1,"6":1,"7":1,"8":1,"9":1,"10":1,"11":1,"12":0,"13":0,"14":0,"15":0},"f":{"0":0,"1":0},"b":{"0":[0,0]},"_coverageSchema":"43e27e138ebf9cfc5966b082cf9a028302ed4184","hash":"6a3599431bfac670ba30f09223dbbc9fd9b8b2f6"}
,"/home/qxie/401/class-03/demo/api-server/src/error-handlers/404.js": {"path":"/home/qxie/401/class-03/demo/api-server/src/error-handlers/404.js","statementMap":{"0":{"start":{"line":12,"column":22},"end":{"line":15,"column":3}},"1":{"start":{"line":17,"column":2},"end":{"line":17,"column":36}},"2":{"start":{"line":20,"column":0},"end":{"line":20,"column":27}}},"fnMap":{"0":{"name":"handle404","decl":{"start":{"line":10,"column":9},"end":{"line":10,"column":18}},"loc":{"start":{"line":10,"column":35},"end":{"line":18,"column":1}},"line":10}},"branchMap":{},"s":{"0":1,"1":1,"2":1},"f":{"0":1},"b":{},"_coverageSchema":"43e27e138ebf9cfc5966b082cf9a028302ed4184","hash":"65e0bd1d7d5ae4c7529693a2959621f4f50ac142"}
,"/home/qxie/401/class-03/demo/api-server/src/error-handlers/500.js": {"path":"/home/qxie/401/class-03/demo/api-server/src/error-handlers/500.js","statementMap":{"0":{"start":{"line":12,"column":0},"end":{"line":22,"column":2}},"1":{"start":{"line":15,"column":16},"end":{"line":15,"column":47}},"2":{"start":{"line":17,"column":22},"end":{"line":20,"column":3}},"3":{"start":{"line":21,"column":2},"end":{"line":21,"column":36}}},"fnMap":{"0":{"name":"(anonymous_0)","decl":{"start":{"line":12,"column":17},"end":{"line":12,"column":18}},"loc":{"start":{"line":12,"column":48},"end":{"line":22,"column":1}},"line":12}},"branchMap":{"0":{"loc":{"start":{"line":15,"column":16},"end":{"line":15,"column":47}},"type":"cond-expr","locations":[{"start":{"line":15,"column":30},"end":{"line":15,"column":41}},{"start":{"line":15,"column":44},"end":{"line":15,"column":47}}],"line":15}},"s":{"0":1,"1":0,"2":0,"3":0},"f":{"0":0},"b":{"0":[0,0]},"_coverageSchema":"43e27e138ebf9cfc5966b082cf9a028302ed4184","hash":"a7903ec017b76a3880a7fe835b1208d6f47e0b18"}
,"/home/qxie/401/class-03/demo/api-server/src/middleware/logger.js": {"path":"/home/qxie/401/class-03/demo/api-server/src/middleware/logger.js","statementMap":{"0":{"start":{"line":5,"column":15},"end":{"line":10,"column":1}},"1":{"start":{"line":6,"column":2},"end":{"line":6,"column":48}},"2":{"start":{"line":9,"column":2},"end":{"line":9,"column":9}},"3":{"start":{"line":12,"column":0},"end":{"line":12,"column":24}}},"fnMap":{"0":{"name":"(anonymous_0)","decl":{"start":{"line":5,"column":15},"end":{"line":5,"column":16}},"loc":{"start":{"line":5,"column":35},"end":{"line":10,"column":1}},"line":5}},"branchMap":{},"s":{"0":2,"1":3,"2":3,"3":2},"f":{"0":3},"b":{},"_coverageSchema":"43e27e138ebf9cfc5966b082cf9a028302ed4184","hash":"e181fe341b320c7cf248cd8e14416b444d70aa31"}
,"/home/qxie/401/class-03/demo/api-server/src/models/index.js": {"path":"/home/qxie/401/class-03/demo/api-server/src/models/index.js","statementMap":{"0":{"start":{"line":4,"column":21},"end":{"line":4,"column":98}},"1":{"start":{"line":5,"column":33},"end":{"line":5,"column":53}},"2":{"start":{"line":7,"column":16},"end":{"line":7,"column":43}},"3":{"start":{"line":10,"column":15},"end":{"line":10,"column":43}},"4":{"start":{"line":12,"column":0},"end":{"line":16,"column":2}}},"fnMap":{},"branchMap":{"0":{"loc":{"start":{"line":4,"column":21},"end":{"line":4,"column":98}},"type":"cond-expr","locations":[{"start":{"line":4,"column":55},"end":{"line":4,"column":71}},{"start":{"line":4,"column":74},"end":{"line":4,"column":98}}],"line":4}},"s":{"0":1,"1":1,"2":1,"3":1,"4":1},"f":{},"b":{"0":[1,0]},"_coverageSchema":"43e27e138ebf9cfc5966b082cf9a028302ed4184","hash":"9b793c363b2ec3165fc843406181a4c2674936d0"}
,"/home/qxie/401/class-03/demo/api-server/src/models/people.model.js": {"path":"/home/qxie/401/class-03/demo/api-server/src/models/people.model.js","statementMap":{"0":{"start":{"line":3,"column":15},"end":{"line":11,"column":2}},"1":{"start":{"line":3,"column":41},"end":{"line":11,"column":2}},"2":{"start":{"line":13,"column":0},"end":{"line":13,"column":24}}},"fnMap":{"0":{"name":"(anonymous_0)","decl":{"start":{"line":3,"column":15},"end":{"line":3,"column":16}},"loc":{"start":{"line":3,"column":41},"end":{"line":11,"column":2}},"line":3}},"branchMap":{},"s":{"0":1,"1":1,"2":1},"f":{"0":1},"b":{},"_coverageSchema":"43e27e138ebf9cfc5966b082cf9a028302ed4184","hash":"75aef169c2ed0e93d52929dacf355cce5e1fe5ee"}
,"/home/qxie/401/class-03/demo/api-server/src/routes/people.js": {"path":"/home/qxie/401/class-03/demo/api-server/src/routes/people.js","statementMap":{"0":{"start":{"line":3,"column":16},"end":{"line":3,"column":34}},"1":{"start":{"line":4,"column":19},"end":{"line":4,"column":39}},"2":{"start":{"line":6,"column":15},"end":{"line":6,"column":31}},"3":{"start":{"line":9,"column":0},"end":{"line":9,"column":33}},"4":{"start":{"line":10,"column":0},"end":{"line":10,"column":40}},"5":{"start":{"line":11,"column":0},"end":{"line":11,"column":37}},"6":{"start":{"line":12,"column":0},"end":{"line":12,"column":40}},"7":{"start":{"line":13,"column":0},"end":{"line":13,"column":43}},"8":{"start":{"line":17,"column":18},"end":{"line":17,"column":40}},"9":{"start":{"line":18,"column":2},"end":{"line":18,"column":34}},"10":{"start":{"line":22,"column":13},"end":{"line":22,"column":36}},"11":{"start":{"line":23,"column":15},"end":{"line":23,"column":58}},"12":{"start":{"line":24,"column":2},"end":{"line":24,"column":31}},"13":{"start":{"line":28,"column":12},"end":{"line":28,"column":20}},"14":{"start":{"line":29,"column":15},"end":{"line":29,"column":39}},"15":{"start":{"line":30,"column":2},"end":{"line":30,"column":31}},"16":{"start":{"line":34,"column":13},"end":{"line":34,"column":36}},"17":{"start":{"line":35,"column":14},"end":{"line":35,"column":22}},"18":{"start":{"line":36,"column":15},"end":{"line":36,"column":58}},"19":{"start":{"line":37,"column":22},"end":{"line":37,"column":46}},"20":{"start":{"line":38,"column":2},"end":{"line":38,"column":38}},"21":{"start":{"line":42,"column":11},"end":{"line":42,"column":34}},"22":{"start":{"line":43,"column":22},"end":{"line":43,"column":61}},"23":{"start":{"line":44,"column":2},"end":{"line":44,"column":38}},"24":{"start":{"line":47,"column":0},"end":{"line":47,"column":24}}},"fnMap":{"0":{"name":"getPeople","decl":{"start":{"line":16,"column":15},"end":{"line":16,"column":24}},"loc":{"start":{"line":16,"column":35},"end":{"line":19,"column":1}},"line":16},"1":{"name":"getOnePerson","decl":{"start":{"line":21,"column":15},"end":{"line":21,"column":27}},"loc":{"start":{"line":21,"column":38},"end":{"line":25,"column":1}},"line":21},"2":{"name":"createPerson","decl":{"start":{"line":27,"column":15},"end":{"line":27,"column":27}},"loc":{"start":{"line":27,"column":38},"end":{"line":31,"column":1}},"line":27},"3":{"name":"updatePerson","decl":{"start":{"line":33,"column":15},"end":{"line":33,"column":27}},"loc":{"start":{"line":33,"column":38},"end":{"line":39,"column":1}},"line":33},"4":{"name":"deletePerson","decl":{"start":{"line":41,"column":15},"end":{"line":41,"column":27}},"loc":{"start":{"line":41,"column":38},"end":{"line":45,"column":1}},"line":41}},"branchMap":{},"s":{"0":1,"1":1,"2":1,"3":1,"4":1,"5":1,"6":1,"7":1,"8":0,"9":0,"10":0,"11":0,"12":0,"13":0,"14":0,"15":0,"16":0,"17":0,"18":0,"19":0,"20":0,"21":0,"22":0,"23":0,"24":1},"f":{"0":0,"1":0,"2":0,"3":0,"4":0},"b":{},"_coverageSchema":"43e27e138ebf9cfc5966b082cf9a028302ed4184","hash":"d3e420b7af8c6c4c83ab65bd3bf642e2340655f1"}
}
