TN:
SF:/home/qxie/401/class-03/demo/api-server/src/server-phase-3.js
FN:32,(anonymous_0)
FN:34,(anonymous_1)
FNF:2
FNH:0
FNDA:0,(anonymous_0)
FNDA:0,(anonymous_1)
DA:4,1
DA:7,1
DA:8,1
DA:9,1
DA:10,1
DA:12,1
DA:15,1
DA:18,1
DA:21,1
DA:26,1
DA:27,1
DA:30,1
DA:33,0
DA:34,0
LF:14
LH:12
BRDA:33,0,0,0
BRDA:33,0,1,0
BRF:2
BRH:0
end_of_record
TN:
SF:/home/qxie/401/class-03/demo/api-server/src/error-handlers/404.js
FN:10,handle404
FNF:1
FNH:1
FNDA:1,handle404
DA:12,1
DA:17,1
DA:20,1
LF:3
LH:3
BRF:0
BRH:0
end_of_record
TN:
SF:/home/qxie/401/class-03/demo/api-server/src/error-handlers/500.js
FN:12,(anonymous_0)
FNF:1
FNH:0
FNDA:0,(anonymous_0)
DA:12,1
DA:15,0
DA:17,0
DA:21,0
LF:4
LH:1
BRDA:15,0,0,0
BRDA:15,0,1,0
BRF:2
BRH:0
end_of_record
TN:
SF:/home/qxie/401/class-03/demo/api-server/src/middleware/logger.js
FN:5,(anonymous_0)
FNF:1
FNH:1
FNDA:3,(anonymous_0)
DA:5,2
DA:6,3
DA:9,3
DA:12,2
LF:4
LH:4
BRF:0
BRH:0
end_of_record
TN:
SF:/home/qxie/401/class-03/demo/api-server/src/models/index.js
FNF:0
FNH:0
DA:4,1
DA:5,1
DA:7,1
DA:10,1
DA:12,1
LF:5
LH:5
BRDA:4,0,0,1
BRDA:4,0,1,0
BRF:2
BRH:1
end_of_record
TN:
SF:/home/qxie/401/class-03/demo/api-server/src/models/people.model.js
FN:3,(anonymous_0)
FNF:1
FNH:1
FNDA:1,(anonymous_0)
DA:3,1
DA:13,1
LF:2
LH:2
BRF:0
BRH:0
end_of_record
TN:
SF:/home/qxie/401/class-03/demo/api-server/src/routes/people.js
FN:16,getPeople
FN:21,getOnePerson
FN:27,createPerson
FN:33,updatePerson
FN:41,deletePerson
FNF:5
FNH:0
FNDA:0,getPeople
FNDA:0,getOnePerson
FNDA:0,createPerson
FNDA:0,updatePerson
FNDA:0,deletePerson
DA:3,1
DA:4,1
DA:6,1
DA:9,1
DA:10,1
DA:11,1
DA:12,1
DA:13,1
DA:17,0
DA:18,0
DA:22,0
DA:23,0
DA:24,0
DA:28,0
DA:29,0
DA:30,0
DA:34,0
DA:35,0
DA:36,0
DA:37,0
DA:38,0
DA:42,0
DA:43,0
DA:44,0
DA:47,1
LF:25
LH:9
BRF:0
BRH:0
end_of_record
