{"/home/qxie/401/class-04/solution/lab/src/middleware/logger.js": {"path":"/home/qxie/401/class-04/solution/lab/src/middleware/logger.js","statementMap":{"0":{"start":{"line":5,"column":15},"end":{"line":10,"column":1}},"1":{"start":{"line":6,"column":2},"end":{"line":6,"column":48}},"2":{"start":{"line":9,"column":2},"end":{"line":9,"column":9}},"3":{"start":{"line":12,"column":0},"end":{"line":12,"column":24}}},"fnMap":{"0":{"name":"(anonymous_0)","decl":{"start":{"line":5,"column":15},"end":{"line":5,"column":16}},"loc":{"start":{"line":5,"column":35},"end":{"line":10,"column":1}},"line":5}},"branchMap":{},"s":{"0":1,"1":2,"2":2,"3":1},"f":{"0":2},"b":{},"_coverageSchema":"1a1c01bbd47fc00a2c39e90264f33305004495a9","hash":"daa227f88064461448bb4a2b3b97e0cc5eb304a9"}
}
