{"/home/qxie/401/class-04/solution/lab/src/server.js": {"path":"/home/qxie/401/class-04/solution/lab/src/server.js","statementMap":{"0":{"start":{"line":4,"column":16},"end":{"line":4,"column":34}},"1":{"start":{"line":7,"column":24},"end":{"line":7,"column":58}},"2":{"start":{"line":8,"column":21},"end":{"line":8,"column":55}},"3":{"start":{"line":9,"column":15},"end":{"line":9,"column":48}},"4":{"start":{"line":11,"column":19},"end":{"line":11,"column":46}},"5":{"start":{"line":12,"column":22},"end":{"line":12,"column":52}},"6":{"start":{"line":15,"column":17},"end":{"line":15,"column":42}},"7":{"start":{"line":17,"column":12},"end":{"line":17,"column":21}},"8":{"start":{"line":20,"column":0},"end":{"line":20,"column":24}},"9":{"start":{"line":23,"column":0},"end":{"line":23,"column":16}},"10":{"start":{"line":26,"column":0},"end":{"line":26,"column":20}},"11":{"start":{"line":27,"column":0},"end":{"line":27,"column":23}},"12":{"start":{"line":34,"column":0},"end":{"line":34,"column":30}},"13":{"start":{"line":35,"column":0},"end":{"line":35,"column":22}},"14":{"start":{"line":38,"column":0},"end":{"line":44,"column":2}},"15":{"start":{"line":41,"column":4},"end":{"line":41,"column":51}},"16":{"start":{"line":41,"column":17},"end":{"line":41,"column":49}},"17":{"start":{"line":42,"column":4},"end":{"line":42,"column":64}},"18":{"start":{"line":42,"column":27},"end":{"line":42,"column":62}}},"fnMap":{"0":{"name":"(anonymous_0)","decl":{"start":{"line":40,"column":9},"end":{"line":40,"column":10}},"loc":{"start":{"line":40,"column":17},"end":{"line":43,"column":3}},"line":40},"1":{"name":"(anonymous_1)","decl":{"start":{"line":42,"column":21},"end":{"line":42,"column":22}},"loc":{"start":{"line":42,"column":27},"end":{"line":42,"column":62}},"line":42}},"branchMap":{"0":{"loc":{"start":{"line":41,"column":4},"end":{"line":41,"column":51}},"type":"if","locations":[{"start":{"line":41,"column":4},"end":{"line":41,"column":51}},{"start":{},"end":{}}],"line":41}},"s":{"0":1,"1":1,"2":1,"3":1,"4":1,"5":1,"6":1,"7":1,"8":1,"9":1,"10":1,"11":1,"12":1,"13":1,"14":1,"15":0,"16":0,"17":0,"18":0},"f":{"0":0,"1":0},"b":{"0":[0,0]},"_coverageSchema":"1a1c01bbd47fc00a2c39e90264f33305004495a9","hash":"c6abe516a15bc8f79f5d3af7b2e804ba79081ce3"}
,"/home/qxie/401/class-04/solution/lab/src/error-handlers/404.js": {"path":"/home/qxie/401/class-04/solution/lab/src/error-handlers/404.js","statementMap":{"0":{"start":{"line":12,"column":22},"end":{"line":15,"column":3}},"1":{"start":{"line":17,"column":2},"end":{"line":17,"column":36}},"2":{"start":{"line":20,"column":0},"end":{"line":20,"column":27}}},"fnMap":{"0":{"name":"handle404","decl":{"start":{"line":10,"column":9},"end":{"line":10,"column":18}},"loc":{"start":{"line":10,"column":35},"end":{"line":18,"column":1}},"line":10}},"branchMap":{},"s":{"0":2,"1":2,"2":1},"f":{"0":2},"b":{},"_coverageSchema":"1a1c01bbd47fc00a2c39e90264f33305004495a9","hash":"e63ea171ad5d116c10ae52bd1c37385d1020ba36"}
,"/home/qxie/401/class-04/solution/lab/src/error-handlers/500.js": {"path":"/home/qxie/401/class-04/solution/lab/src/error-handlers/500.js","statementMap":{"0":{"start":{"line":12,"column":0},"end":{"line":22,"column":1}},"1":{"start":{"line":15,"column":16},"end":{"line":15,"column":47}},"2":{"start":{"line":17,"column":22},"end":{"line":20,"column":3}},"3":{"start":{"line":21,"column":2},"end":{"line":21,"column":36}}},"fnMap":{"0":{"name":"(anonymous_0)","decl":{"start":{"line":12,"column":17},"end":{"line":12,"column":18}},"loc":{"start":{"line":12,"column":48},"end":{"line":22,"column":1}},"line":12}},"branchMap":{"0":{"loc":{"start":{"line":15,"column":16},"end":{"line":15,"column":47}},"type":"cond-expr","locations":[{"start":{"line":15,"column":30},"end":{"line":15,"column":41}},{"start":{"line":15,"column":44},"end":{"line":15,"column":47}}],"line":15}},"s":{"0":1,"1":0,"2":0,"3":0},"f":{"0":0},"b":{"0":[0,0]},"_coverageSchema":"1a1c01bbd47fc00a2c39e90264f33305004495a9","hash":"8a26b2463cf8d0557b3e0517d144039a2195bc9c"}
,"/home/qxie/401/class-04/solution/lab/src/middleware/logger.js": {"path":"/home/qxie/401/class-04/solution/lab/src/middleware/logger.js","statementMap":{"0":{"start":{"line":5,"column":15},"end":{"line":10,"column":1}},"1":{"start":{"line":6,"column":2},"end":{"line":6,"column":48}},"2":{"start":{"line":9,"column":2},"end":{"line":9,"column":9}},"3":{"start":{"line":12,"column":0},"end":{"line":12,"column":24}}},"fnMap":{"0":{"name":"(anonymous_0)","decl":{"start":{"line":5,"column":15},"end":{"line":5,"column":16}},"loc":{"start":{"line":5,"column":35},"end":{"line":10,"column":1}},"line":5}},"branchMap":{},"s":{"0":2,"1":10,"2":10,"3":2},"f":{"0":10},"b":{},"_coverageSchema":"1a1c01bbd47fc00a2c39e90264f33305004495a9","hash":"daa227f88064461448bb4a2b3b97e0cc5eb304a9"}
,"/home/qxie/401/class-04/solution/lab/src/models/data-collection.js": {"path":"/home/qxie/401/class-04/solution/lab/src/models/data-collection.js","statementMap":{"0":{"start":{"line":8,"column":4},"end":{"line":8,"column":23}},"1":{"start":{"line":9,"column":4},"end":{"line":9,"column":34}},"2":{"start":{"line":13,"column":4},"end":{"line":23,"column":5}},"3":{"start":{"line":15,"column":19},"end":{"line":15,"column":47}},"4":{"start":{"line":17,"column":6},"end":{"line":19,"column":7}},"5":{"start":{"line":18,"column":8},"end":{"line":18,"column":83}},"6":{"start":{"line":18,"column":33},"end":{"line":18,"column":83}},"7":{"start":{"line":20,"column":6},"end":{"line":20,"column":20}},"8":{"start":{"line":22,"column":6},"end":{"line":22,"column":15}},"9":{"start":{"line":28,"column":18},"end":{"line":28,"column":60}},"10":{"start":{"line":29,"column":18},"end":{"line":29,"column":22}},"11":{"start":{"line":31,"column":4},"end":{"line":42,"column":5}},"12":{"start":{"line":32,"column":6},"end":{"line":37,"column":7}},"13":{"start":{"line":33,"column":8},"end":{"line":33,"column":34}},"14":{"start":{"line":34,"column":8},"end":{"line":34,"column":52}},"15":{"start":{"line":36,"column":8},"end":{"line":36,"column":52}},"16":{"start":{"line":39,"column":6},"end":{"line":39,"column":21}},"17":{"start":{"line":41,"column":6},"end":{"line":41,"column":15}},"18":{"start":{"line":46,"column":4},"end":{"line":56,"column":5}},"19":{"start":{"line":48,"column":6},"end":{"line":48,"column":56}},"20":{"start":{"line":48,"column":15},"end":{"line":48,"column":56}},"21":{"start":{"line":50,"column":19},"end":{"line":50,"column":62}},"22":{"start":{"line":51,"column":26},"end":{"line":51,"column":50}},"23":{"start":{"line":52,"column":6},"end":{"line":52,"column":27}},"24":{"start":{"line":55,"column":6},"end":{"line":55,"column":15}},"25":{"start":{"line":60,"column":4},"end":{"line":69,"column":5}},"26":{"start":{"line":62,"column":6},"end":{"line":62,"column":56}},"27":{"start":{"line":62,"column":15},"end":{"line":62,"column":56}},"28":{"start":{"line":64,"column":26},"end":{"line":64,"column":69}},"29":{"start":{"line":65,"column":6},"end":{"line":65,"column":27}},"30":{"start":{"line":68,"column":6},"end":{"line":68,"column":15}},"31":{"start":{"line":73,"column":4},"end":{"line":73,"column":67}},"32":{"start":{"line":74,"column":4},"end":{"line":74,"column":51}},"33":{"start":{"line":83,"column":4},"end":{"line":98,"column":5}},"34":{"start":{"line":86,"column":6},"end":{"line":88,"column":7}},"35":{"start":{"line":87,"column":8},"end":{"line":87,"column":73}},"36":{"start":{"line":89,"column":28},"end":{"line":89,"column":79}},"37":{"start":{"line":90,"column":34},"end":{"line":93,"column":8}},"38":{"start":{"line":94,"column":6},"end":{"line":94,"column":35}},"39":{"start":{"line":97,"column":6},"end":{"line":97,"column":15}},"40":{"start":{"line":102,"column":0},"end":{"line":102,"column":28}}},"fnMap":{"0":{"name":"(anonymous_0)","decl":{"start":{"line":7,"column":2},"end":{"line":7,"column":3}},"loc":{"start":{"line":7,"column":21},"end":{"line":10,"column":3}},"line":7},"1":{"name":"(anonymous_1)","decl":{"start":{"line":12,"column":2},"end":{"line":12,"column":3}},"loc":{"start":{"line":12,"column":29},"end":{"line":24,"column":3}},"line":12},"2":{"name":"(anonymous_2)","decl":{"start":{"line":26,"column":2},"end":{"line":26,"column":3}},"loc":{"start":{"line":26,"column":17},"end":{"line":43,"column":3}},"line":26},"3":{"name":"(anonymous_3)","decl":{"start":{"line":45,"column":2},"end":{"line":45,"column":3}},"loc":{"start":{"line":45,"column":24},"end":{"line":57,"column":3}},"line":45},"4":{"name":"(anonymous_4)","decl":{"start":{"line":59,"column":2},"end":{"line":59,"column":3}},"loc":{"start":{"line":59,"column":19},"end":{"line":70,"column":3}},"line":59},"5":{"name":"(anonymous_5)","decl":{"start":{"line":72,"column":2},"end":{"line":72,"column":3}},"loc":{"start":{"line":72,"column":42},"end":{"line":75,"column":3}},"line":72},"6":{"name":"(anonymous_6)","decl":{"start":{"line":82,"column":2},"end":{"line":82,"column":3}},"loc":{"start":{"line":82,"column":45},"end":{"line":99,"column":3}},"line":82}},"branchMap":{"0":{"loc":{"start":{"line":17,"column":6},"end":{"line":19,"column":7}},"type":"if","locations":[{"start":{"line":17,"column":6},"end":{"line":19,"column":7}},{"start":{},"end":{}}],"line":17},"1":{"loc":{"start":{"line":18,"column":8},"end":{"line":18,"column":83}},"type":"if","locations":[{"start":{"line":18,"column":8},"end":{"line":18,"column":83}},{"start":{},"end":{}}],"line":18},"2":{"loc":{"start":{"line":32,"column":6},"end":{"line":37,"column":7}},"type":"if","locations":[{"start":{"line":32,"column":6},"end":{"line":37,"column":7}},{"start":{"line":35,"column":13},"end":{"line":37,"column":7}}],"line":32},"3":{"loc":{"start":{"line":48,"column":6},"end":{"line":48,"column":56}},"type":"if","locations":[{"start":{"line":48,"column":6},"end":{"line":48,"column":56}},{"start":{},"end":{}}],"line":48},"4":{"loc":{"start":{"line":62,"column":6},"end":{"line":62,"column":56}},"type":"if","locations":[{"start":{"line":62,"column":6},"end":{"line":62,"column":56}},{"start":{},"end":{}}],"line":62},"5":{"loc":{"start":{"line":86,"column":6},"end":{"line":88,"column":7}},"type":"if","locations":[{"start":{"line":86,"column":6},"end":{"line":88,"column":7}},{"start":{},"end":{}}],"line":86}},"s":{"0":3,"1":3,"2":1,"3":1,"4":1,"5":0,"6":0,"7":1,"8":0,"9":3,"10":3,"11":3,"12":3,"13":1,"14":1,"15":2,"16":3,"17":0,"18":1,"19":1,"20":0,"21":1,"22":1,"23":1,"24":0,"25":1,"26":1,"27":0,"28":1,"29":1,"30":0,"31":2,"32":2,"33":0,"34":0,"35":0,"36":0,"37":0,"38":0,"39":0,"40":1},"f":{"0":3,"1":1,"2":3,"3":1,"4":1,"5":2,"6":0},"b":{"0":[0,1],"1":[0,0],"2":[1,2],"3":[0,1],"4":[0,1],"5":[0,0]},"_coverageSchema":"1a1c01bbd47fc00a2c39e90264f33305004495a9","hash":"19a1fc5288e27d3107449e8c2826673fce944f94"}
,"/home/qxie/401/class-04/solution/lab/src/models/index.js": {"path":"/home/qxie/401/class-04/solution/lab/src/models/index.js","statementMap":{"0":{"start":{"line":3,"column":0},"end":{"line":3,"column":27}},"1":{"start":{"line":4,"column":21},"end":{"line":4,"column":99}},"2":{"start":{"line":5,"column":33},"end":{"line":5,"column":53}},"3":{"start":{"line":7,"column":19},"end":{"line":7,"column":50}},"4":{"start":{"line":8,"column":19},"end":{"line":8,"column":45}},"5":{"start":{"line":9,"column":22},"end":{"line":9,"column":51}},"6":{"start":{"line":10,"column":21},"end":{"line":10,"column":49}},"7":{"start":{"line":11,"column":25},"end":{"line":11,"column":57}},"8":{"start":{"line":13,"column":25},"end":{"line":20,"column":6}},"9":{"start":{"line":23,"column":18},"end":{"line":23,"column":63}},"10":{"start":{"line":24,"column":18},"end":{"line":24,"column":50}},"11":{"start":{"line":25,"column":21},"end":{"line":25,"column":56}},"12":{"start":{"line":26,"column":20},"end":{"line":26,"column":54}},"13":{"start":{"line":27,"column":24},"end":{"line":27,"column":62}},"14":{"start":{"line":30,"column":23},"end":{"line":30,"column":48}},"15":{"start":{"line":31,"column":26},"end":{"line":31,"column":54}},"16":{"start":{"line":32,"column":25},"end":{"line":32,"column":52}},"17":{"start":{"line":33,"column":0},"end":{"line":33,"column":71}},"18":{"start":{"line":34,"column":0},"end":{"line":34,"column":71}},"19":{"start":{"line":36,"column":0},"end":{"line":41,"column":2}}},"fnMap":{},"branchMap":{"0":{"loc":{"start":{"line":4,"column":21},"end":{"line":4,"column":99}},"type":"cond-expr","locations":[{"start":{"line":4,"column":55},"end":{"line":4,"column":72}},{"start":{"line":4,"column":75},"end":{"line":4,"column":99}}],"line":4},"1":{"loc":{"start":{"line":13,"column":25},"end":{"line":20,"column":6}},"type":"cond-expr","locations":[{"start":{"line":13,"column":65},"end":{"line":20,"column":1}},{"start":{"line":20,"column":4},"end":{"line":20,"column":6}}],"line":13}},"s":{"0":1,"1":1,"2":1,"3":1,"4":1,"5":1,"6":1,"7":1,"8":1,"9":1,"10":1,"11":1,"12":1,"13":1,"14":1,"15":1,"16":1,"17":1,"18":1,"19":1},"f":{},"b":{"0":[1,0],"1":[0,1]},"_coverageSchema":"1a1c01bbd47fc00a2c39e90264f33305004495a9","hash":"59d487c15355602c54b0e78645a147ed8d50450c"}
,"/home/qxie/401/class-04/solution/lab/src/models/clothes/model.js": {"path":"/home/qxie/401/class-04/solution/lab/src/models/clothes/model.js","statementMap":{"0":{"start":{"line":3,"column":16},"end":{"line":16,"column":2}},"1":{"start":{"line":3,"column":42},"end":{"line":16,"column":2}},"2":{"start":{"line":18,"column":0},"end":{"line":18,"column":25}}},"fnMap":{"0":{"name":"(anonymous_0)","decl":{"start":{"line":3,"column":16},"end":{"line":3,"column":17}},"loc":{"start":{"line":3,"column":42},"end":{"line":16,"column":2}},"line":3}},"branchMap":{},"s":{"0":1,"1":1,"2":1},"f":{"0":1},"b":{},"_coverageSchema":"1a1c01bbd47fc00a2c39e90264f33305004495a9","hash":"575c2d555d5799bab241b5db60e9a716e6ca16a7"}
,"/home/qxie/401/class-04/solution/lab/src/models/food/model.js": {"path":"/home/qxie/401/class-04/solution/lab/src/models/food/model.js","statementMap":{"0":{"start":{"line":3,"column":13},"end":{"line":16,"column":2}},"1":{"start":{"line":3,"column":39},"end":{"line":16,"column":2}},"2":{"start":{"line":18,"column":0},"end":{"line":18,"column":22}}},"fnMap":{"0":{"name":"(anonymous_0)","decl":{"start":{"line":3,"column":13},"end":{"line":3,"column":14}},"loc":{"start":{"line":3,"column":39},"end":{"line":16,"column":2}},"line":3}},"branchMap":{},"s":{"0":1,"1":1,"2":1},"f":{"0":1},"b":{},"_coverageSchema":"1a1c01bbd47fc00a2c39e90264f33305004495a9","hash":"d4fda0ee3b2bfee647e98ad409b3889c09eceb64"}
,"/home/qxie/401/class-04/solution/lab/src/models/foodRecipe/model.js": {"path":"/home/qxie/401/class-04/solution/lab/src/models/foodRecipe/model.js","statementMap":{"0":{"start":{"line":3,"column":19},"end":{"line":18,"column":2}},"1":{"start":{"line":3,"column":45},"end":{"line":18,"column":2}},"2":{"start":{"line":20,"column":0},"end":{"line":20,"column":28}}},"fnMap":{"0":{"name":"(anonymous_0)","decl":{"start":{"line":3,"column":19},"end":{"line":3,"column":20}},"loc":{"start":{"line":3,"column":45},"end":{"line":18,"column":2}},"line":3}},"branchMap":{},"s":{"0":1,"1":1,"2":1},"f":{"0":1},"b":{},"_coverageSchema":"1a1c01bbd47fc00a2c39e90264f33305004495a9","hash":"8e3ab8bc5d67d826a4cf91808c29ce7c60cd979e"}
,"/home/qxie/401/class-04/solution/lab/src/models/recipe/model.js": {"path":"/home/qxie/401/class-04/solution/lab/src/models/recipe/model.js","statementMap":{"0":{"start":{"line":3,"column":15},"end":{"line":14,"column":2}},"1":{"start":{"line":3,"column":41},"end":{"line":14,"column":2}},"2":{"start":{"line":16,"column":0},"end":{"line":16,"column":24}}},"fnMap":{"0":{"name":"(anonymous_0)","decl":{"start":{"line":3,"column":15},"end":{"line":3,"column":16}},"loc":{"start":{"line":3,"column":41},"end":{"line":14,"column":2}},"line":3}},"branchMap":{},"s":{"0":1,"1":1,"2":1},"f":{"0":1},"b":{},"_coverageSchema":"1a1c01bbd47fc00a2c39e90264f33305004495a9","hash":"ed764ce1c1e9235af445b20d8113541c855e5167"}
,"/home/qxie/401/class-04/solution/lab/src/routes/clothes.js": {"path":"/home/qxie/401/class-04/solution/lab/src/routes/clothes.js","statementMap":{"0":{"start":{"line":3,"column":16},"end":{"line":3,"column":34}},"1":{"start":{"line":5,"column":26},"end":{"line":5,"column":63}},"2":{"start":{"line":7,"column":15},"end":{"line":7,"column":31}},"3":{"start":{"line":10,"column":0},"end":{"line":10,"column":35}},"4":{"start":{"line":11,"column":0},"end":{"line":11,"column":42}},"5":{"start":{"line":12,"column":0},"end":{"line":12,"column":39}},"6":{"start":{"line":13,"column":0},"end":{"line":13,"column":42}},"7":{"start":{"line":14,"column":0},"end":{"line":14,"column":45}},"8":{"start":{"line":18,"column":19},"end":{"line":18,"column":48}},"9":{"start":{"line":19,"column":2},"end":{"line":19,"column":35}},"10":{"start":{"line":23,"column":11},"end":{"line":23,"column":24}},"11":{"start":{"line":24,"column":19},"end":{"line":24,"column":50}},"12":{"start":{"line":25,"column":2},"end":{"line":25,"column":35}},"13":{"start":{"line":29,"column":12},"end":{"line":29,"column":20}},"14":{"start":{"line":30,"column":19},"end":{"line":30,"column":54}},"15":{"start":{"line":31,"column":2},"end":{"line":31,"column":35}},"16":{"start":{"line":35,"column":11},"end":{"line":35,"column":24}},"17":{"start":{"line":36,"column":14},"end":{"line":36,"column":22}},"18":{"start":{"line":37,"column":23},"end":{"line":37,"column":62}},"19":{"start":{"line":38,"column":2},"end":{"line":38,"column":39}},"20":{"start":{"line":42,"column":11},"end":{"line":42,"column":24}},"21":{"start":{"line":43,"column":23},"end":{"line":43,"column":57}},"22":{"start":{"line":44,"column":2},"end":{"line":44,"column":39}},"23":{"start":{"line":48,"column":0},"end":{"line":48,"column":24}}},"fnMap":{"0":{"name":"getClothes","decl":{"start":{"line":17,"column":15},"end":{"line":17,"column":25}},"loc":{"start":{"line":17,"column":36},"end":{"line":20,"column":1}},"line":17},"1":{"name":"getOneClothes","decl":{"start":{"line":22,"column":15},"end":{"line":22,"column":28}},"loc":{"start":{"line":22,"column":39},"end":{"line":26,"column":1}},"line":22},"2":{"name":"createClothes","decl":{"start":{"line":28,"column":15},"end":{"line":28,"column":28}},"loc":{"start":{"line":28,"column":39},"end":{"line":32,"column":1}},"line":28},"3":{"name":"updateClothes","decl":{"start":{"line":34,"column":15},"end":{"line":34,"column":28}},"loc":{"start":{"line":34,"column":39},"end":{"line":39,"column":1}},"line":34},"4":{"name":"deleteClothes","decl":{"start":{"line":41,"column":15},"end":{"line":41,"column":28}},"loc":{"start":{"line":41,"column":39},"end":{"line":45,"column":1}},"line":41}},"branchMap":{},"s":{"0":1,"1":1,"2":1,"3":1,"4":1,"5":1,"6":1,"7":1,"8":0,"9":0,"10":0,"11":0,"12":0,"13":0,"14":0,"15":0,"16":0,"17":0,"18":0,"19":0,"20":0,"21":0,"22":0,"23":1},"f":{"0":0,"1":0,"2":0,"3":0,"4":0},"b":{},"_coverageSchema":"1a1c01bbd47fc00a2c39e90264f33305004495a9","hash":"bd37ba52e17436204ca9dcb4e818a57b38bde684"}
,"/home/qxie/401/class-04/solution/lab/src/routes/food.js": {"path":"/home/qxie/401/class-04/solution/lab/src/routes/food.js","statementMap":{"0":{"start":{"line":3,"column":16},"end":{"line":3,"column":34}},"1":{"start":{"line":5,"column":23},"end":{"line":5,"column":57}},"2":{"start":{"line":9,"column":15},"end":{"line":9,"column":31}},"3":{"start":{"line":12,"column":0},"end":{"line":12,"column":29}},"4":{"start":{"line":13,"column":0},"end":{"line":13,"column":36}},"5":{"start":{"line":14,"column":0},"end":{"line":14,"column":33}},"6":{"start":{"line":15,"column":0},"end":{"line":15,"column":36}},"7":{"start":{"line":16,"column":0},"end":{"line":16,"column":39}},"8":{"start":{"line":20,"column":16},"end":{"line":20,"column":43}},"9":{"start":{"line":21,"column":2},"end":{"line":21,"column":32}},"10":{"start":{"line":25,"column":13},"end":{"line":25,"column":26}},"11":{"start":{"line":26,"column":16},"end":{"line":26,"column":45}},"12":{"start":{"line":27,"column":2},"end":{"line":27,"column":32}},"13":{"start":{"line":31,"column":12},"end":{"line":31,"column":20}},"14":{"start":{"line":32,"column":16},"end":{"line":32,"column":48}},"15":{"start":{"line":33,"column":2},"end":{"line":33,"column":32}},"16":{"start":{"line":37,"column":13},"end":{"line":37,"column":26}},"17":{"start":{"line":38,"column":14},"end":{"line":38,"column":22}},"18":{"start":{"line":39,"column":20},"end":{"line":39,"column":56}},"19":{"start":{"line":40,"column":2},"end":{"line":40,"column":36}},"20":{"start":{"line":44,"column":11},"end":{"line":44,"column":24}},"21":{"start":{"line":45,"column":20},"end":{"line":45,"column":51}},"22":{"start":{"line":46,"column":2},"end":{"line":46,"column":36}},"23":{"start":{"line":50,"column":0},"end":{"line":50,"column":24}}},"fnMap":{"0":{"name":"getFood","decl":{"start":{"line":19,"column":15},"end":{"line":19,"column":22}},"loc":{"start":{"line":19,"column":33},"end":{"line":22,"column":1}},"line":19},"1":{"name":"getOneFood","decl":{"start":{"line":24,"column":15},"end":{"line":24,"column":25}},"loc":{"start":{"line":24,"column":36},"end":{"line":28,"column":1}},"line":24},"2":{"name":"createFood","decl":{"start":{"line":30,"column":15},"end":{"line":30,"column":25}},"loc":{"start":{"line":30,"column":36},"end":{"line":34,"column":1}},"line":30},"3":{"name":"updateFood","decl":{"start":{"line":36,"column":15},"end":{"line":36,"column":25}},"loc":{"start":{"line":36,"column":36},"end":{"line":41,"column":1}},"line":36},"4":{"name":"deleteFood","decl":{"start":{"line":43,"column":15},"end":{"line":43,"column":25}},"loc":{"start":{"line":43,"column":36},"end":{"line":47,"column":1}},"line":43}},"branchMap":{},"s":{"0":1,"1":1,"2":1,"3":1,"4":1,"5":1,"6":1,"7":1,"8":2,"9":2,"10":1,"11":1,"12":1,"13":1,"14":1,"15":1,"16":1,"17":1,"18":1,"19":1,"20":1,"21":1,"22":1,"23":1},"f":{"0":2,"1":1,"2":1,"3":1,"4":1},"b":{},"_coverageSchema":"1a1c01bbd47fc00a2c39e90264f33305004495a9","hash":"ab0f54013ee22747642e240b7f9f6ec1160484ec"}
,"/home/qxie/401/class-04/solution/lab/src/routes/v1.js": {"path":"/home/qxie/401/class-04/solution/lab/src/routes/v1.js","statementMap":{"0":{"start":{"line":3,"column":11},"end":{"line":3,"column":24}},"1":{"start":{"line":4,"column":16},"end":{"line":4,"column":34}},"2":{"start":{"line":5,"column":19},"end":{"line":5,"column":58}},"3":{"start":{"line":7,"column":15},"end":{"line":7,"column":31}},"4":{"start":{"line":14,"column":0},"end":{"line":25,"column":3}},"5":{"start":{"line":15,"column":19},"end":{"line":15,"column":72}},"6":{"start":{"line":18,"column":2},"end":{"line":24,"column":3}},"7":{"start":{"line":19,"column":18},"end":{"line":19,"column":35}},"8":{"start":{"line":20,"column":4},"end":{"line":20,"column":38}},"9":{"start":{"line":21,"column":4},"end":{"line":21,"column":11}},"10":{"start":{"line":23,"column":4},"end":{"line":23,"column":26}},"11":{"start":{"line":29,"column":0},"end":{"line":29,"column":36}},"12":{"start":{"line":30,"column":0},"end":{"line":30,"column":40}},"13":{"start":{"line":31,"column":0},"end":{"line":31,"column":37}},"14":{"start":{"line":32,"column":0},"end":{"line":32,"column":40}},"15":{"start":{"line":33,"column":0},"end":{"line":33,"column":43}},"16":{"start":{"line":37,"column":19},"end":{"line":37,"column":40}},"17":{"start":{"line":38,"column":2},"end":{"line":38,"column":35}},"18":{"start":{"line":42,"column":13},"end":{"line":42,"column":26}},"19":{"start":{"line":43,"column":18},"end":{"line":43,"column":41}},"20":{"start":{"line":44,"column":2},"end":{"line":44,"column":34}},"21":{"start":{"line":48,"column":12},"end":{"line":48,"column":20}},"22":{"start":{"line":49,"column":18},"end":{"line":49,"column":45}},"23":{"start":{"line":50,"column":2},"end":{"line":50,"column":34}},"24":{"start":{"line":54,"column":13},"end":{"line":54,"column":26}},"25":{"start":{"line":55,"column":14},"end":{"line":55,"column":22}},"26":{"start":{"line":56,"column":22},"end":{"line":56,"column":53}},"27":{"start":{"line":57,"column":2},"end":{"line":57,"column":38}},"28":{"start":{"line":61,"column":11},"end":{"line":61,"column":24}},"29":{"start":{"line":62,"column":22},"end":{"line":62,"column":48}},"30":{"start":{"line":63,"column":2},"end":{"line":63,"column":38}},"31":{"start":{"line":67,"column":0},"end":{"line":67,"column":24}}},"fnMap":{"0":{"name":"(anonymous_0)","decl":{"start":{"line":14,"column":22},"end":{"line":14,"column":23}},"loc":{"start":{"line":14,"column":42},"end":{"line":25,"column":1}},"line":14},"1":{"name":"handleGetAll","decl":{"start":{"line":36,"column":15},"end":{"line":36,"column":27}},"loc":{"start":{"line":36,"column":38},"end":{"line":39,"column":1}},"line":36},"2":{"name":"handleGetOne","decl":{"start":{"line":41,"column":15},"end":{"line":41,"column":27}},"loc":{"start":{"line":41,"column":38},"end":{"line":45,"column":1}},"line":41},"3":{"name":"handleCreate","decl":{"start":{"line":47,"column":15},"end":{"line":47,"column":27}},"loc":{"start":{"line":47,"column":38},"end":{"line":51,"column":1}},"line":47},"4":{"name":"handleUpdate","decl":{"start":{"line":53,"column":15},"end":{"line":53,"column":27}},"loc":{"start":{"line":53,"column":38},"end":{"line":58,"column":1}},"line":53},"5":{"name":"handleDelete","decl":{"start":{"line":60,"column":15},"end":{"line":60,"column":27}},"loc":{"start":{"line":60,"column":38},"end":{"line":64,"column":1}},"line":60}},"branchMap":{"0":{"loc":{"start":{"line":18,"column":2},"end":{"line":24,"column":3}},"type":"if","locations":[{"start":{"line":18,"column":2},"end":{"line":24,"column":3}},{"start":{"line":22,"column":9},"end":{"line":24,"column":3}}],"line":18}},"s":{"0":1,"1":1,"2":1,"3":1,"4":1,"5":0,"6":0,"7":0,"8":0,"9":0,"10":0,"11":1,"12":1,"13":1,"14":1,"15":1,"16":0,"17":0,"18":0,"19":0,"20":0,"21":0,"22":0,"23":0,"24":0,"25":0,"26":0,"27":0,"28":0,"29":0,"30":0,"31":1},"f":{"0":0,"1":0,"2":0,"3":0,"4":0,"5":0},"b":{"0":[0,0]},"_coverageSchema":"1a1c01bbd47fc00a2c39e90264f33305004495a9","hash":"8b83ceef19c6019969e21d5ba8ab5a72db3dc923"}
}
