TN:
SF:src/server.js
FN:40,(anonymous_0)
FN:42,(anonymous_1)
FNF:2
FNH:0
FNDA:0,(anonymous_0)
FNDA:0,(anonymous_1)
DA:4,1
DA:7,1
DA:8,1
DA:9,1
DA:11,1
DA:12,1
DA:15,1
DA:17,1
DA:20,1
DA:23,1
DA:26,1
DA:27,1
DA:34,1
DA:35,1
DA:38,1
DA:41,0
DA:42,0
LF:17
LH:15
BRDA:41,0,0,0
BRDA:41,0,1,0
BRF:2
BRH:0
end_of_record
TN:
SF:src/error-handlers/404.js
FN:10,handle404
FNF:1
FNH:1
FNDA:2,handle404
DA:12,2
DA:17,2
DA:20,1
LF:3
LH:3
BRF:0
BRH:0
end_of_record
TN:
SF:src/error-handlers/500.js
FN:12,(anonymous_0)
FNF:1
FNH:0
FNDA:0,(anonymous_0)
DA:12,1
DA:15,0
DA:17,0
DA:21,0
LF:4
LH:1
BRDA:15,0,0,0
BRDA:15,0,1,0
BRF:2
BRH:0
end_of_record
TN:
SF:src/middleware/logger.js
FN:5,(anonymous_0)
FNF:1
FNH:1
FNDA:10,(anonymous_0)
DA:5,2
DA:6,10
DA:9,10
DA:12,2
LF:4
LH:4
BRF:0
BRH:0
end_of_record
TN:
SF:src/models/data-collection.js
FN:7,(anonymous_0)
FN:12,(anonymous_1)
FN:26,(anonymous_2)
FN:45,(anonymous_3)
FN:59,(anonymous_4)
FN:72,(anonymous_5)
FN:82,(anonymous_6)
FNF:7
FNH:6
FNDA:3,(anonymous_0)
FNDA:1,(anonymous_1)
FNDA:3,(anonymous_2)
FNDA:1,(anonymous_3)
FNDA:1,(anonymous_4)
FNDA:2,(anonymous_5)
FNDA:0,(anonymous_6)
DA:8,3
DA:9,3
DA:13,1
DA:15,1
DA:17,1
DA:18,0
DA:20,1
DA:22,0
DA:28,3
DA:29,3
DA:31,3
DA:32,3
DA:33,1
DA:34,1
DA:36,2
DA:39,3
DA:41,0
DA:46,1
DA:48,1
DA:50,1
DA:51,1
DA:52,1
DA:55,0
DA:60,1
DA:62,1
DA:64,1
DA:65,1
DA:68,0
DA:73,2
DA:74,2
DA:83,0
DA:86,0
DA:87,0
DA:89,0
DA:90,0
DA:94,0
DA:97,0
DA:102,1
LF:38
LH:26
BRDA:17,0,0,0
BRDA:17,0,1,1
BRDA:18,1,0,0
BRDA:18,1,1,0
BRDA:32,2,0,1
BRDA:32,2,1,2
BRDA:48,3,0,0
BRDA:48,3,1,1
BRDA:62,4,0,0
BRDA:62,4,1,1
BRDA:86,5,0,0
BRDA:86,5,1,0
BRF:12
BRH:5
end_of_record
TN:
SF:src/models/index.js
FNF:0
FNH:0
DA:3,1
DA:4,1
DA:5,1
DA:7,1
DA:8,1
DA:9,1
DA:10,1
DA:11,1
DA:13,1
DA:23,1
DA:24,1
DA:25,1
DA:26,1
DA:27,1
DA:30,1
DA:31,1
DA:32,1
DA:33,1
DA:34,1
DA:36,1
LF:20
LH:20
BRDA:4,0,0,1
BRDA:4,0,1,0
BRDA:13,1,0,0
BRDA:13,1,1,1
BRF:4
BRH:2
end_of_record
TN:
SF:src/models/clothes/model.js
FN:3,(anonymous_0)
FNF:1
FNH:1
FNDA:1,(anonymous_0)
DA:3,1
DA:18,1
LF:2
LH:2
BRF:0
BRH:0
end_of_record
TN:
SF:src/models/food/model.js
FN:3,(anonymous_0)
FNF:1
FNH:1
FNDA:1,(anonymous_0)
DA:3,1
DA:18,1
LF:2
LH:2
BRF:0
BRH:0
end_of_record
TN:
SF:src/models/foodRecipe/model.js
FN:3,(anonymous_0)
FNF:1
FNH:1
FNDA:1,(anonymous_0)
DA:3,1
DA:20,1
LF:2
LH:2
BRF:0
BRH:0
end_of_record
TN:
SF:src/models/recipe/model.js
FN:3,(anonymous_0)
FNF:1
FNH:1
FNDA:1,(anonymous_0)
DA:3,1
DA:16,1
LF:2
LH:2
BRF:0
BRH:0
end_of_record
TN:
SF:src/routes/clothes.js
FN:17,getClothes
FN:22,getOneClothes
FN:28,createClothes
FN:34,updateClothes
FN:41,deleteClothes
FNF:5
FNH:0
FNDA:0,getClothes
FNDA:0,getOneClothes
FNDA:0,createClothes
FNDA:0,updateClothes
FNDA:0,deleteClothes
DA:3,1
DA:5,1
DA:7,1
DA:10,1
DA:11,1
DA:12,1
DA:13,1
DA:14,1
DA:18,0
DA:19,0
DA:23,0
DA:24,0
DA:25,0
DA:29,0
DA:30,0
DA:31,0
DA:35,0
DA:36,0
DA:37,0
DA:38,0
DA:42,0
DA:43,0
DA:44,0
DA:48,1
LF:24
LH:9
BRF:0
BRH:0
end_of_record
TN:
SF:src/routes/food.js
FN:19,getFood
FN:24,getOneFood
FN:30,createFood
FN:36,updateFood
FN:43,deleteFood
FNF:5
FNH:5
FNDA:2,getFood
FNDA:1,getOneFood
FNDA:1,createFood
FNDA:1,updateFood
FNDA:1,deleteFood
DA:3,1
DA:5,1
DA:9,1
DA:12,1
DA:13,1
DA:14,1
DA:15,1
DA:16,1
DA:20,2
DA:21,2
DA:25,1
DA:26,1
DA:27,1
DA:31,1
DA:32,1
DA:33,1
DA:37,1
DA:38,1
DA:39,1
DA:40,1
DA:44,1
DA:45,1
DA:46,1
DA:50,1
LF:24
LH:24
BRF:0
BRH:0
end_of_record
TN:
SF:src/routes/v1.js
FN:14,(anonymous_0)
FN:36,handleGetAll
FN:41,handleGetOne
FN:47,handleCreate
FN:53,handleUpdate
FN:60,handleDelete
FNF:6
FNH:0
FNDA:0,(anonymous_0)
FNDA:0,handleGetAll
FNDA:0,handleGetOne
FNDA:0,handleCreate
FNDA:0,handleUpdate
FNDA:0,handleDelete
DA:3,1
DA:4,1
DA:5,1
DA:7,1
DA:14,1
DA:15,0
DA:18,0
DA:19,0
DA:20,0
DA:21,0
DA:23,0
DA:29,1
DA:30,1
DA:31,1
DA:32,1
DA:33,1
DA:37,0
DA:38,0
DA:42,0
DA:43,0
DA:44,0
DA:48,0
DA:49,0
DA:50,0
DA:54,0
DA:55,0
DA:56,0
DA:57,0
DA:61,0
DA:62,0
DA:63,0
DA:67,1
LF:32
LH:11
BRDA:18,0,0,0
BRDA:18,0,1,0
BRF:2
BRH:0
end_of_record
