TN:
SF:/home/qxie/401/class-02/solution/lab/api-server/src/server.js
FN:20,(anonymous_0)
FN:35,(anonymous_1)
FN:37,(anonymous_2)
FNF:3
FNH:1
FNDA:1,(anonymous_0)
FNDA:0,(anonymous_1)
FNDA:0,(anonymous_2)
DA:4,1
DA:7,1
DA:8,1
DA:9,1
DA:10,1
DA:12,1
DA:15,1
DA:18,1
DA:20,1
DA:21,1
DA:24,1
DA:29,1
DA:30,1
DA:33,1
DA:36,0
DA:37,0
LF:16
LH:14
BRDA:36,0,0,0
BRDA:36,0,1,0
BRF:2
BRH:0
end_of_record
TN:
SF:/home/qxie/401/class-02/solution/lab/api-server/src/error-handlers/404.js
FN:10,handle404
FNF:1
FNH:1
FNDA:2,handle404
DA:12,2
DA:17,2
DA:20,1
LF:3
LH:3
BRF:0
BRH:0
end_of_record
TN:
SF:/home/qxie/401/class-02/solution/lab/api-server/src/error-handlers/500.js
FN:12,(anonymous_0)
FNF:1
FNH:1
FNDA:1,(anonymous_0)
DA:12,1
DA:15,1
DA:17,1
DA:21,1
LF:4
LH:4
BRDA:15,0,0,0
BRDA:15,0,1,1
BRF:2
BRH:1
end_of_record
TN:
SF:/home/qxie/401/class-02/solution/lab/api-server/src/middleware/logger.js
FN:5,(anonymous_0)
FNF:1
FNH:1
FNDA:6,(anonymous_0)
DA:5,2
DA:6,6
DA:9,6
DA:12,2
LF:4
LH:4
BRF:0
BRH:0
end_of_record
TN:
SF:/home/qxie/401/class-02/solution/lab/api-server/src/middleware/validate.js
FN:3,(anonymous_0)
FNF:1
FNH:1
FNDA:4,(anonymous_0)
DA:3,2
DA:4,4
DA:5,4
DA:6,2
DA:9,2
LF:5
LH:5
BRDA:5,0,0,2
BRDA:5,0,1,2
BRF:2
BRH:2
end_of_record
